#
# A fatal error has been detected by the Java Runtime Environment:
#
#  Internal Error (jvmciRuntime.cpp:1609), pid=73, tid=110
#  fatal error: Fatal exception in JVMCI: Error calling jdk.vm.ci.services.Services.serializeSavedProperties
#
# JRE version: OpenJDK Runtime Environment GraalVM CE 22.3.0 (17.0.5+8) (build 17.0.5+8-jvmci-22.3-b08)
# Java VM: OpenJDK 64-Bit Server VM GraalVM CE 22.3.0 (17.0.5+8-jvmci-22.3-b08, mixed mode, sharing, tiered, jvmci, jvmci compiler, compressed oops, compressed class ptrs, parallel gc, linux-amd64)
# Problematic frame:
# V  [libjvm.so+0x972714]  JVMCIRuntime::fatal_exception(JVMCIEnv*, char const*)+0x74
#
# Core dump will be written. Default location: Core dumps may be processed with "/usr/share/apport/apport -p%p -s%s -c%c -d%d -P%P -u%u -g%g -- %E" (or dumping to /home/runner/WalmartReviewScraper/core.73)
#
# If you would like to submit a bug report, please visit:
#   https://github.com/oracle/graal/issues
#

---------------  S U M M A R Y ------------

Command Line: -XX:ThreadPriorityPolicy=1 -XX:+UnlockExperimentalVMOptions -XX:+EnableJVMCIProduct -XX:JVMCIThreadsPerNativeLibraryRuntime=1 -XX:-UnlockExperimentalVMOptions -Declipse.application=org.eclipse.jdt.ls.core.id1 -Dosgi.bundles.defaultStartLevel=4 -Declipse.product=org.eclipse.jdt.ls.core.product -Dlog.level=ALL -Xverify:none -XX:+UseParallelGC -XX:GCTimeRatio=4 -XX:AdaptiveSizePolicyWeight=90 -Dsun.zip.disableMemoryMapping=true -Xmx512m -Xms100m /nix/store/q9712qvwdh22a4krw4jz2sjrz07mvjbl-jdt-language-server-1.9.0/share/java/plugins/org.eclipse.equinox.launcher_1.6.400.v20210924-0641.jar --add-modules=ALL-SYSTEM --add-opens java.base/java.util=ALL-UNNAMED --add-opens java.base/java.lang=ALL-UNNAMED -configuration /home/runner/WalmartReviewScraper/.cache/jdt-language-server/config -data /home/runner/.cache/jdt-language-server/data/home/runner/WalmartReviewScraper

Host: Intel(R) Xeon(R) CPU @ 2.20GHz, 8 cores, 1G, Ubuntu 20.04.2 LTS
Time: Tue Mar 19 05:41:08 2024 UTC elapsed time: 1876.083315 seconds (0d 0h 31m 16s)

---------------  T H R E A D  ---------------

Current thread (0x00007046e80b19b0):  JavaThread "JVMCI-native CompilerThread0" daemon [_thread_in_vm, id=110, stack(0x00007046cd41a000,0x00007046cd61a000)]


Current CompileTask:
JVMCI-native:1876083 8104       4       java.util.concurrent.locks.ReentrantReadWriteLock$Sync::tryAcquireShared (177 bytes)

Stack: [0x00007046cd41a000,0x00007046cd61a000],  sp=0x00007046cd618380,  free space=2040k
Native frames: (J=compiled Java code, j=interpreted, Vv=VM code, C=native code)
V  [libjvm.so+0x972714]  JVMCIRuntime::fatal_exception(JVMCIEnv*, char const*)+0x74
V  [libjvm.so+0x93e2fe]  JVMCIEnv::copy_saved_properties()+0x14e
V  [libjvm.so+0x9732a9]  JVMCIRuntime::initialize(JVMCIEnv*)+0xb19
V  [libjvm.so+0x9738a2]  JVMCIRuntime::get_HotSpotJVMCIRuntime(JVMCIEnv*)+0x12
V  [libjvm.so+0x9749f2]  JVMCIRuntime::compile_method(JVMCIEnv*, JVMCICompiler*, methodHandle const&, int)+0xd2
V  [libjvm.so+0x5b0d20]  CompileBroker::invoke_compiler_on_method(CompileTask*)+0x1470
V  [libjvm.so+0x5b12e8]  CompileBroker::compiler_thread_loop()+0x528
V  [libjvm.so+0xd82460]  JavaThread::thread_main_inner()+0xd0
V  [libjvm.so+0xd85a40]  Thread::call_run()+0xc0
V  [libjvm.so+0xbdb1e1]  thread_native_entry(Thread*)+0xe1

Register to memory mapping:

RAX=0x00007046ed17d000 points into unknown readable memory: 0x0000000000000058 | 58 00 00 00 00 00 00 00
RBX=0x00007046ee278398: <offset 0x0000000000ef5398> in /nix/store/gpxl5qgg8kicmcvivwmybwjlpf7wh20l-graalvm17-ce-22.3.0/lib/server/libjvm.so at 0x00007046ed383000
RCX=0x00007046ee2301e8: <offset 0x0000000000ead1e8> in /nix/store/gpxl5qgg8kicmcvivwmybwjlpf7wh20l-graalvm17-ce-22.3.0/lib/server/libjvm.so at 0x00007046ed383000
RDX=0x0000000000000649 is an unknown value
RSP=0x00007046cd618380 is pointing into the stack for thread: 0x00007046e80b19b0
RBP=0x00007046cd6183a0 is pointing into the stack for thread: 0x00007046e80b19b0
RSI=0x00007046ee278c48: <offset 0x0000000000ef5c48> in /nix/store/gpxl5qgg8kicmcvivwmybwjlpf7wh20l-graalvm17-ce-22.3.0/lib/server/libjvm.so at 0x00007046ed383000
RDI=0x00000000e0000000 is an oop: java.util.LinkedHashMap 
{0x00000000e0000000} - klass: 'java/util/LinkedHashMap'
 - ---- fields (total size 7 words):
 - transient 'keySet' 'Ljava/util/Set;' @12  NULL (0)
 - transient 'values' 'Ljava/util/Collection;' @16  NULL (0)
 - transient 'size' 'I' @20  1
 - transient 'modCount' 'I' @24  1
 - 'threshold' 'I' @28  1
 - final 'loadFactor' 'F' @32  0.750000 (3f400000)
 - transient 'table' '[Ljava/util/HashMap$Node;' @36  a 'java/util/HashMap$Node'[2] {0x00000000e0000038} (e0000038)
 - transient 'entrySet' 'Ljava/util/Set;' @40  a 'java/util/LinkedHashMap$LinkedEntrySet'{0x00000000e00000d0} (e00000d0)
 - final 'accessOrder' 'Z' @44  false
 - transient 'head' 'Ljava/util/LinkedHashMap$Entry;' @48  a 'java/util/LinkedHashMap$Entry'{0x00000000e0000050} (e0000050)
 - transient 'tail' 'Ljava/util/LinkedHashMap$Entry;' @52  a 'java/util/LinkedHashMap$Entry'{0x00000000e0000050} (e0000050)
R8 =0x00007046ee278398: <offset 0x0000000000ef5398> in /nix/store/gpxl5qgg8kicmcvivwmybwjlpf7wh20l-graalvm17-ce-22.3.0/lib/server/libjvm.so at 0x00007046ed383000
R9 =0x00007046cd618330 is pointing into the stack for thread: 0x00007046e80b19b0
R10=0x00007046cd619948 is pointing into the stack for thread: 0x00007046e80b19b0
R11=0x0000000000000293 is an unknown value
R12=0x0 is NULL
R13=0x00007046e80b19b0 is a thread
R14=0x00007046e8000b80 points into unknown readable memory: 0x00007046ee4a9a38 | 38 9a 4a ee 46 70 00 00
R15=0x00007046ee5b7e40: <offset 0x0000000001234e40> in /nix/store/gpxl5qgg8kicmcvivwmybwjlpf7wh20l-graalvm17-ce-22.3.0/lib/server/libjvm.so at 0x00007046ed383000


Registers:
RAX=0x00007046ed17d000, RBX=0x00007046ee278398, RCX=0x00007046ee2301e8, RDX=0x0000000000000649
RSP=0x00007046cd618380, RBP=0x00007046cd6183a0, RSI=0x00007046ee278c48, RDI=0x00000000e0000000
R8 =0x00007046ee278398, R9 =0x00007046cd618330, R10=0x00007046cd619948, R11=0x0000000000000293
R12=0x0000000000000000, R13=0x00007046e80b19b0, R14=0x00007046e8000b80, R15=0x00007046ee5b7e40
RIP=0x00007046edcf5714, EFLAGS=0x0000000000010206, CSGSFS=0x002b000000000033, ERR=0x0000000000000006
  TRAPNO=0x000000000000000e

Top of Stack: (sp=0x00007046cd618380)
0x00007046cd618380:   00007046cd618940 00007046e80b19b0
0x00007046cd618390:   00007046ecb28ee0 0000000800c51420
0x00007046cd6183a0:   00007046cd618500 00007046edcc12fe
0x00007046cd6183b0:   00007046cd6183e0 00007046cd618440 

Instructions: (pc=0x00007046edcf5714)
0x00007046edcf5614:   30 e8 f6 cf e8 ff 4c 89 e7 e8 2e 48 d1 ff 84 db
0x00007046edcf5624:   75 2a 4d 85 ed 74 04 4d 8b 6d 00 48 83 c4 08 44
0x00007046edcf5634:   89 f9 4c 89 f2 4c 89 ee 5b 4c 89 e7 41 5c 41 5d
0x00007046edcf5644:   41 5e 41 5f 5d e9 e2 47 d1 ff 66 90 48 83 c4 08
0x00007046edcf5654:   5b 41 5c 41 5d 41 5e 41 5f 5d c3 90 31 d2 be 08
0x00007046edcf5664:   00 00 00 4c 89 ff e8 b1 78 a3 ff 49 89 c5 e9 37
0x00007046edcf5674:   ff ff ff 66 0f 1f 84 00 00 00 00 00 48 8b 7a 08
0x00007046edcf5684:   e9 6d ff ff ff 0f 1f 80 00 00 00 00 e8 5b 48 0a
0x00007046edcf5694:   00 84 c0 75 89 e9 6a ff ff ff 66 90 55 48 89 e5
0x00007046edcf56a4:   41 56 41 55 41 54 49 89 fc 53 48 89 f3 66 48 8d
0x00007046edcf56b4:   3d 27 5e 85 00 66 66 48 e8 df 43 8d ff 4c 8b 28
0x00007046edcf56c4:   8b 05 be 72 8a 00 85 c0 75 14 ba 01 00 00 00 48
0x00007046edcf56d4:   8d 0d ae 72 8a 00 f0 0f b1 11 85 c0 74 4e be c8
0x00007046edcf56e4:   00 00 00 4c 89 ef e8 01 0b 41 00 48 8d 05 12 ac
0x00007046edcf56f4:   85 00 49 89 d8 48 8d 0d e8 aa 53 00 ba 49 06 00
0x00007046edcf5704:   00 48 8d 35 3c 35 58 00 bf 00 00 00 e0 48 8b 00
0x00007046edcf5714:   c6 00 58 31 c0 e8 e2 91 c6 ff 5b 41 5c 41 5d 41
0x00007046edcf5724:   5e 5d e9 55 34 26 00 0f 1f 44 00 00 48 8d 05 81
0x00007046edcf5734:   a3 8b 00 48 89 df 4c 8b 30 e8 9e 43 8d ff 48 89
0x00007046edcf5744:   de 48 89 c2 49 8b 06 4c 89 f7 ff 50 08 4c 89 f7
0x00007046edcf5754:   e8 a7 5c 27 00 4d 85 e4 74 12 be 01 00 00 00 4c
0x00007046edcf5764:   89 e7 e8 35 43 fc ff eb 82 0f 1f 00 be 01 00 00
0x00007046edcf5774:   00 4c 89 ef e8 d3 fd ff ff e9 6d ff ff ff 66 66
0x00007046edcf5784:   2e 0f 1f 84 00 00 00 00 00 0f 1f 00 55 48 89 e5
0x00007046edcf5794:   41 57 41 56 41 55 41 54 53 48 81 ec 08 02 00 00
0x00007046edcf57a4:   64 48 8b 04 25 28 00 00 00 48 89 45 c8 8b 07 83
0x00007046edcf57b4:   f8 02 0f 84 11 04 00 00 4c 8b 6f 18 49 89 ff 49
0x00007046edcf57c4:   89 f4 4d 85 ed 74 14 4c 89 ef e8 5d 57 22 00 41
0x00007046edcf57d4:   8b 07 83 f8 02 0f 84 19 04 00 00 48 8d 1d 9a 06
0x00007046edcf57e4:   8a 00 4c 8d 35 0b 3c 58 00 eb 38 90 48 85 d2 7f
0x00007046edcf57f4:   0d 48 8d 05 b4 c0 85 00 48 83 38 00 7e 0e 41 8b
0x00007046edcf5804:   77 2c 4c 89 f7 31 c0 e8 a0 b2 f7 ff 49 8b 7f 18 


Stack slot to memory mapping:
stack at sp + 0 slots: 0x00007046cd618940 is pointing into the stack for thread: 0x00007046e80b19b0
stack at sp + 1 slots: 0x00007046e80b19b0 is a thread
stack at sp + 2 slots: 0x00007046ecb28ee0 points into unknown readable memory: 0x65730018f545ffff | ff ff 45 f5 18 00 73 65
stack at sp + 3 slots: 0x0000000800c51420 is a pointer to class: 
jdk.vm.ci.services.Services {0x0000000800c51420}
 - instance size:     2
 - klass size:        65
 - access:            public final synchronized 
 - state:             fully_initialized
 - name:              'jdk/vm/ci/services/Services'
 - super:             'java/lang/Object'
 - sub:               
 - arrays:            NULL
 - methods:           Array<T>(0x00007046cdce35f8)
 - method ordering:   Array<T>(0x0000000800928960)
 - default_methods:   Array<T>(0x0000000000000000)
 - local interfaces:  Array<T>(0x00000008005ce810)
 - trans. interfaces: Array<T>(0x00000008005ce810)
 - constants:         constant pool [427] {0x00007046cdce26d8} for 'jdk/vm/ci/services/Services' cache=0x00007046cdce48c8
 - class loader data:  loader data: 0x00007046e8027bb0 of 'bootstrap'
 - source file:       'Services.java'
 - class annotations:       Array<T>(0x0000000000000000)
 - class type annotations:  Array<T>(0x0000000000000000)
 - field annotations:       Array<T>(0x0000000000000000)
 - field type annotations:  Array<T>(0x0000000000000000)
 - inner classes:     Array<T>(0x00007046cdce4898)
 - nest members:     Array<T>(0x00007046cdce48b8)
 - permitted subclasses:     Array<T>(0x00000008005ce7a0)
 - java mirror:       a 'java/lang/Class'{0x00000000e029eb10} = 'jdk/vm/ci/services/Services'
 - vtable length      5  (start addr: 0x0000000800c515f0)
 - itable length      2 (start addr: 0x0000000800c51618)
 - ---- static fields (3 words):
 - public static final 'IS_BUILDING_NATIVE_IMAGE' 'Z' @128 
 - public static final 'IS_IN_NATIVE_IMAGE' 'Z' @129 
 - private static volatile 'savedProperties' 'Ljava/util/Map;' @112 
 - static final 'JVMCI_ENABLED' 'Z' @130 
 - private static final 'servicesCache' 'Ljava/util/Map;' @116 
 - private static final 'MAX_UNICODE_IN_UTF8_LENGTH' 'I' @120 
 - private static final 'MAX_UTF8_PROPERTY_STRING_LENGTH' 'I' @124 
 - ---- non-static fields (0 words):
 - non-static oop maps: 
stack at sp + 4 slots: 0x00007046cd618500 is pointing into the stack for thread: 0x00007046e80b19b0
stack at sp + 5 slots: 0x00007046edcc12fe: <offset 0x000000000093e2fe> in /nix/store/gpxl5qgg8kicmcvivwmybwjlpf7wh20l-graalvm17-ce-22.3.0/lib/server/libjvm.so at 0x00007046ed383000
stack at sp + 6 slots: 0x00007046cd6183e0 is pointing into the stack for thread: 0x00007046e80b19b0
stack at sp + 7 slots: 0x00007046cd618440 is pointing into the stack for thread: 0x00007046e80b19b0


---------------  P R O C E S S  ---------------

Threads class SMR info:
_java_thread_list=0x0000704670071d20, length=23, elements={
0x00007046e8025e50, 0x00007046e80a5ca0, 0x00007046e80a70e0, 0x00007046e80ad820,
0x00007046e80aebd0, 0x00007046e80affc0, 0x00007046e80b19b0, 0x00007046e80b2ec0,
0x00007046e80b4310, 0x00007046e80e7ba0, 0x00007046e812fad0, 0x00007046e82dd980,
0x00007046e8307bf0, 0x00007046e8328770, 0x000070467c02f650, 0x000070467c3fcbc0,
0x000070467c5e3830, 0x000070467c792640, 0x00007046e8364800, 0x000070466c0076b0,
0x00007046e8429e00, 0x00007046540369d0, 0x0000704660000ff0
}

Java Threads: ( => current thread )
  0x00007046e8025e50 JavaThread "main" [_thread_blocked, id=90, stack(0x00007046ed19e000,0x00007046ed29e000)]
  0x00007046e80a5ca0 JavaThread "Reference Handler" daemon [_thread_blocked, id=105, stack(0x00007046ec1b5000,0x00007046ec2b5000)]
  0x00007046e80a70e0 JavaThread "Finalizer" daemon [_thread_blocked, id=106, stack(0x00007046ec0b5000,0x00007046ec1b5000)]
  0x00007046e80ad820 JavaThread "Signal Dispatcher" daemon [_thread_blocked, id=107, stack(0x00007046cd81a000,0x00007046cd91a000)]
  0x00007046e80aebd0 JavaThread "Service Thread" daemon [_thread_blocked, id=108, stack(0x00007046cd71a000,0x00007046cd81a000)]
  0x00007046e80affc0 JavaThread "Monitor Deflation Thread" daemon [_thread_blocked, id=109, stack(0x00007046cd61a000,0x00007046cd71a000)]
=>0x00007046e80b19b0 JavaThread "JVMCI-native CompilerThread0" daemon [_thread_in_vm, id=110, stack(0x00007046cd41a000,0x00007046cd61a000)]
  0x00007046e80b2ec0 JavaThread "C1 CompilerThread0" daemon [_thread_blocked, id=111, stack(0x00007046cd21a000,0x00007046cd41a000)]
  0x00007046e80b4310 JavaThread "Sweeper thread" daemon [_thread_blocked, id=112, stack(0x00007046cd11a000,0x00007046cd21a000)]
  0x00007046e80e7ba0 JavaThread "Common-Cleaner" daemon [_thread_blocked, id=113, stack(0x00007046cd01a000,0x00007046cd11a000)]
  0x00007046e812fad0 JavaThread "Notification Thread" daemon [_thread_blocked, id=114, stack(0x00007046ccf1a000,0x00007046cd01a000)]
  0x00007046e82dd980 JavaThread "Active Thread: Equinox Container: 3091d06b-b309-43e2-b539-621b2a92b899" [_thread_blocked, id=122, stack(0x00007046ccc00000,0x00007046ccd00000)]
  0x00007046e8307bf0 JavaThread "Framework Event Dispatcher: Equinox Container: 3091d06b-b309-43e2-b539-621b2a92b899" daemon [_thread_blocked, id=125, stack(0x00007046cca00000,0x00007046ccb00000)]
  0x00007046e8328770 JavaThread "Start Level: Equinox Container: 3091d06b-b309-43e2-b539-621b2a92b899" daemon [_thread_blocked, id=126, stack(0x00007046cc800000,0x00007046cc900000)]
  0x000070467c02f650 JavaThread "SCR Component Actor" daemon [_thread_blocked, id=127, stack(0x00007046cc600000,0x00007046cc700000)]
  0x000070467c3fcbc0 JavaThread "Worker-JM" [_thread_blocked, id=132, stack(0x00007046cc200000,0x00007046cc300000)]
  0x000070467c5e3830 JavaThread "Java indexing" daemon [_thread_blocked, id=138, stack(0x0000704694700000,0x0000704694800000)]
  0x000070467c792640 JavaThread "Bundle File Closer" daemon [_thread_blocked, id=139, stack(0x0000704694500000,0x0000704694600000)]
  0x00007046e8364800 JavaThread "pool-3-thread-1" [_thread_blocked, id=143, stack(0x0000704694300000,0x0000704694400000)]
  0x000070466c0076b0 JavaThread "Worker-2" [_thread_blocked, id=144, stack(0x0000704694100000,0x0000704694200000)]
  0x00007046e8429e00 JavaThread "pool-2-thread-1" [_thread_blocked, id=145, stack(0x0000704693f00000,0x0000704694000000)]
  0x00007046540369d0 JavaThread "Thread-3" [_thread_blocked, id=1970, stack(0x00007046cc500000,0x00007046cc600000)]
  0x0000704660000ff0 JavaThread "Worker-5" [_thread_blocked, id=1998, stack(0x00007046cc300000,0x00007046cc400000)]

Other Threads:
  0x00007046e80a13e0 VMThread "VM Thread" [stack: 0x00007046ec2b7000,0x00007046ec3b7000] [id=104] _threads_hazard_ptr=0x0000704670071d20
  0x00007046e8131470 WatcherThread [stack: 0x00007046cce1a000,0x00007046ccf1a000] [id=115]
  0x00007046e803d750 GCTaskThread "GC Thread#0" [stack: 0x00007046ecd61000,0x00007046ece61000] [id=103]

Threads with active compile tasks:
JVMCI-native CompilerThread0  1876178 8104       4       java.util.concurrent.locks.ReentrantReadWriteLock$Sync::tryAcquireShared (177 bytes)

VM state: synchronizing (normal execution)

VM Mutex/Monitor currently owned by a thread:  ([mutex/lock_event])
[0x00007046e8022fa0] Threads_lock - owner thread: 0x00007046e80a13e0
[0x00007046e8023750] Heap_lock - owner thread: 0x00007046540369d0

OutOfMemory and StackOverflow Exception counts:
OutOfMemoryError java_heap_errors=11
LinkageErrors=63

Heap address: 0x00000000e0000000, size: 512 MB, Compressed Oops mode: 32-bit

CDS archive(s) mapped at: [0x0000000800000000-0x0000000800bc8000-0x0000000800bc8000), size 12353536, SharedBaseAddress: 0x0000000800000000, ArchiveRelocationMode: 0.
Compressed class space mapped at: 0x0000000800c00000-0x0000000840c00000, reserved size: 1073741824
Narrow klass base: 0x0000000800000000, Narrow klass shift: 0, Narrow klass range: 0x100000000

GC Precious Log:
 CPUs: 8 total, 1 available
 Memory: 1024M
 Large Page Support: Disabled
 NUMA Support: Disabled
 Compressed Oops: Enabled (32-bit)
 Alignments: Space 512K, Generation 512K, Heap 2M
 Heap Min Capacity: 100M
 Heap Initial Capacity: 100M
 Heap Max Capacity: 512M
 Pre-touch: Disabled
 Parallel Workers: 1

Heap:
 PSYoungGen      total 25088K, used 14335K [0x00000000f5580000, 0x00000000f7e00000, 0x0000000100000000)
  eden space 14336K, 99% used [0x00000000f5580000,0x00000000f637fff8,0x00000000f6380000)
  from space 10752K, 0% used [0x00000000f6380000,0x00000000f6380000,0x00000000f6e00000)
  to   space 12288K, 0% used [0x00000000f7200000,0x00000000f7200000,0x00000000f7e00000)
 ParOldGen       total 349696K, used 349695K [0x00000000e0000000, 0x00000000f5580000, 0x00000000f5580000)
  object space 349696K, 99% used [0x00000000e0000000,0x00000000f557fff0,0x00000000f5580000)
 Metaspace       used 55469K, committed 56512K, reserved 1105920K
  class space    used 5538K, committed 6016K, reserved 1048576K

Card table byte_map: [0x00007046ece61000,0x00007046ecf62000] _byte_map_base: 0x00007046ec761000

Marking Bits: (ParMarkBitMap*) 0x00007046ee5b14c0
 Begin Bits: [0x00007046ce4b3000, 0x00007046cecb3000)
 End Bits:   [0x00007046cecb3000, 0x00007046cf4b3000)

Polling page: 0x00007046ed17b000

Metaspace:

Usage:
  Non-class:     48.76 MB used.
      Class:      5.41 MB used.
       Both:     54.17 MB used.

Virtual space:
  Non-class space:       56.00 MB reserved,      49.31 MB ( 88%) committed,  7 nodes.
      Class space:        1.00 GB reserved,       5.88 MB ( <1%) committed,  1 nodes.
             Both:        1.05 GB reserved,      55.19 MB (  5%) committed. 

Chunk freelists:
   Non-Class:  2.81 MB
       Class:  2.23 MB
        Both:  5.04 MB

MaxMetaspaceSize: unlimited
CompressedClassSpaceSize: 1.00 GB
Initial GC threshold: 21.00 MB
Current GC threshold: 91.88 MB
CDS: on
MetaspaceReclaimPolicy: balanced
 - commit_granule_bytes: 65536.
 - commit_granule_words: 8192.
 - virtual_space_node_default_size: 1048576.
 - enlarge_chunks_in_place: 1.
 - new_chunks_are_fully_committed: 0.
 - uncommit_free_chunks: 1.
 - use_allocation_guard: 0.
 - handle_deallocations: 1.


Internal statistics:

num_allocs_failed_limit: 10.
num_arena_births: 512.
num_arena_deaths: 180.
num_vsnodes_births: 8.
num_vsnodes_deaths: 0.
num_space_committed: 882.
num_space_uncommitted: 0.
num_chunks_returned_to_freelist: 262.
num_chunks_taken_from_freelist: 2651.
num_chunk_merges: 100.
num_chunk_splits: 1714.
num_chunks_enlarged: 1104.
num_purges: 18.
num_inconsistent_stats: 0.

CodeHeap 'non-profiled nmethods': size=120036Kb used=2705Kb max_used=2705Kb free=117330Kb
 bounds [0x00007046d6f7a000, 0x00007046d722a000, 0x00007046de4b3000]
CodeHeap 'profiled nmethods': size=120032Kb used=15651Kb max_used=15651Kb free=104380Kb
 bounds [0x00007046cfa42000, 0x00007046d0992000, 0x00007046d6f7a000]
CodeHeap 'non-nmethods': size=5692Kb used=1377Kb max_used=1381Kb free=4314Kb
 bounds [0x00007046cf4b3000, 0x00007046cf723000, 0x00007046cfa42000]
 total_blobs=7637 nmethods=6922 adapters=611
 compilation: enabled
              stopped_count=0, restarted_count=0
 full_count=0

JVMCI Events (20 events):
Event: 1574.336 Thread 0x00007046e80b19b0 destroyed JavaVM[8]@0x000070469379e340 for JVMCI runtime 0
Event: 1574.336 Thread 0x00007046e80b19b0 compacted oop handles in JVMCI runtime 0 from 44 to 44
Event: 1574.336 Thread 0x00007046e80b19b0 releasing handles for JVMCI runtime 0: oop handles=44, metadata handles={total=86, live=75, blocks=45}
Event: 1574.336 Thread 0x00007046e80b19b0 detached from JVMCI runtime 0
Event: 1697.310 Thread 0x00007046e80b19b0 attached to JVMCI runtime 0
Event: 1697.312 Thread 0x00007046e80b19b0 created JavaVM[9]@0x000070469379e340 for JVMCI runtime 0
Event: 1698.722 Thread 0x00007046e80b19b0 initializing JVMCI runtime 0
Event: 1698.722 Thread 0x00007046e80b19b0 done waiting for JavaVM references initialization in JVMCI runtime 0
Event: 1731.534 Thread 0x00007046e80b19b0 initialized JVMCI runtime 0
Event: 1807.236 Thread 0x00007046e80b19b0 detaching from JVMCI runtime 0: releasing idle compiler thread (0 other threads still attached)
Event: 1807.236 Thread 0x00007046e80b19b0 shutting down HotSpotJVMCIRuntime for JVMCI runtime 0
Event: 1807.236 Thread 0x00007046e80b19b0 shut down JVMCI runtime 0
Event: 1808.626 Thread 0x00007046e80b19b0 destroyed JavaVM[9]@0x000070469379e340 for JVMCI runtime 0
Event: 1808.626 Thread 0x00007046e80b19b0 compacted oop handles in JVMCI runtime 0 from 62 to 62
Event: 1808.626 Thread 0x00007046e80b19b0 releasing handles for JVMCI runtime 0: oop handles=62, metadata handles={total=107, live=107, blocks=45}
Event: 1808.626 Thread 0x00007046e80b19b0 detached from JVMCI runtime 0
Event: 1867.819 Thread 0x00007046e80b19b0 attached to JVMCI runtime 0
Event: 1867.822 Thread 0x00007046e80b19b0 created JavaVM[10]@0x000070469379e340 for JVMCI runtime 0
Event: 1870.617 Thread 0x00007046e80b19b0 initializing JVMCI runtime 0
Event: 1870.617 Thread 0x00007046e80b19b0 done waiting for JavaVM references initialization in JVMCI runtime 0

Compilation events (20 events):
Event: 1762.288 Thread 0x00007046e80b19b0 nmethod 8086% 0x00007046d721cb90 code [0x00007046d721cd20, 0x00007046d721d0e0]
Event: 1762.288 Thread 0x00007046e80b19b0 8087       4       java.net.URI::match (56 bytes)
Event: 1765.017 Thread 0x00007046e80b19b0 nmethod 8087 0x00007046d721d310 code [0x00007046d721d480, 0x00007046d721d550]
Event: 1765.017 Thread 0x00007046e80b19b0 8089       4       java.util.Collections$UnmodifiableMap$UnmodifiableEntrySet$1::next (5 bytes)
Event: 1780.828 Thread 0x00007046e80b2ec0 8095       1       org.eclipse.jdt.ls.core.internal.LanguageServer::getParentProcessId (5 bytes)
Event: 1783.576 Thread 0x00007046e80b2ec0 nmethod 8095 0x00007046d721d610 code [0x00007046d721d7a0, 0x00007046d721d870]
Event: 1798.483 Thread 0x00007046e80b2ec0 8097   !   3       java.lang.ref.Reference::processPendingReferences (118 bytes)
Event: 1798.484 Thread 0x00007046e80b2ec0 nmethod 8097 0x00007046d0985310 code [0x00007046d0985560, 0x00007046d09862f0]
Event: 1798.484 Thread 0x00007046e80b2ec0 8096       3       java.util.AbstractSequentialList::<init> (5 bytes)
Event: 1798.484 Thread 0x00007046e80b2ec0 nmethod 8096 0x00007046d0986610 code [0x00007046d09867c0, 0x00007046d09869f0]
Event: 1802.730 Thread 0x00007046e80b19b0 nmethod 8089 0x00007046d721d910 code [0x00007046d721dae0, 0x00007046d721de10]
Event: 1802.730 Thread 0x00007046e80b19b0 8094       4       java.lang.Thread::interrupted (23 bytes)
Event: 1805.728 Thread 0x00007046e80b19b0 nmethod 8094 0x00007046d721e190 code [0x00007046d721e320, 0x00007046d721e3b0]
Event: 1829.667 Thread 0x00007046e80b2ec0 8098       3       java.lang.invoke.InnerClassLambdaMetafactory::<init> (258 bytes)
Event: 1845.213 Thread 0x00007046e80b2ec0 nmethod 8098 0x00007046d0986b10 code [0x00007046d0986ee0, 0x00007046d0988d30]
Event: 1845.213 Thread 0x00007046e80b2ec0 8103       3       java.util.AbstractSequentialList::iterator (5 bytes)
Event: 1849.468 Thread 0x00007046e80b2ec0 nmethod 8103 0x00007046d0989810 code [0x00007046d09899c0, 0x00007046d0989f20]
Event: 1849.468 Thread 0x00007046e80b2ec0 8102       3       java.lang.invoke.InnerClassLambdaMetafactory::lambdaClassName (57 bytes)
Event: 1856.132 Thread 0x00007046e80b2ec0 nmethod 8102 0x00007046d098a010 code [0x00007046d098a2a0, 0x00007046d098aaa0]
Event: 1867.819 Thread 0x00007046e80b19b0 8104       4       java.util.concurrent.locks.ReentrantReadWriteLock$Sync::tryAcquireShared (177 bytes)

GC Heap History (20 events):
Event: 1861.971 GC heap before
{Heap before GC invocations=1366 (full 1249):
 PSYoungGen      total 25088K, used 14335K [0x00000000f5580000, 0x00000000f7e00000, 0x0000000100000000)
  eden space 14336K, 99% used [0x00000000f5580000,0x00000000f637fff8,0x00000000f6380000)
  from space 10752K, 0% used [0x00000000f6380000,0x00000000f6380000,0x00000000f6e00000)
  to   space 12288K, 0% used [0x00000000f7200000,0x00000000f7200000,0x00000000f7e00000)
 ParOldGen       total 349696K, used 349695K [0x00000000e0000000, 0x00000000f5580000, 0x00000000f5580000)
  object space 349696K, 99% used [0x00000000e0000000,0x00000000f557ffd8,0x00000000f5580000)
 Metaspace       used 55469K, committed 56512K, reserved 1105920K
  class space    used 5538K, committed 6016K, reserved 1048576K
}
Event: 1863.370 GC heap after
{Heap after GC invocations=1366 (full 1249):
 PSYoungGen      total 26624K, used 14335K [0x00000000f5580000, 0x00000000f7e00000, 0x0000000100000000)
  eden space 14336K, 99% used [0x00000000f5580000,0x00000000f637fff8,0x00000000f6380000)
  from space 12288K, 0% used [0x00000000f7200000,0x00000000f7200000,0x00000000f7e00000)
  to   space 10752K, 0% used [0x00000000f6380000,0x00000000f6380000,0x00000000f6e00000)
 ParOldGen       total 349696K, used 349695K [0x00000000e0000000, 0x00000000f5580000, 0x00000000f5580000)
  object space 349696K, 99% used [0x00000000e0000000,0x00000000f557fef8,0x00000000f5580000)
 Metaspace       used 55469K, committed 56512K, reserved 1105920K
  class space    used 5538K, committed 6016K, reserved 1048576K
}
Event: 1863.370 GC heap before
{Heap before GC invocations=1367 (full 1250):
 PSYoungGen      total 26624K, used 14335K [0x00000000f5580000, 0x00000000f7e00000, 0x0000000100000000)
  eden space 14336K, 99% used [0x00000000f5580000,0x00000000f637fff8,0x00000000f6380000)
  from space 12288K, 0% used [0x00000000f7200000,0x00000000f7200000,0x00000000f7e00000)
  to   space 10752K, 0% used [0x00000000f6380000,0x00000000f6380000,0x00000000f6e00000)
 ParOldGen       total 349696K, used 349695K [0x00000000e0000000, 0x00000000f5580000, 0x00000000f5580000)
  object space 349696K, 99% used [0x00000000e0000000,0x00000000f557fff0,0x00000000f5580000)
 Metaspace       used 55469K, committed 56512K, reserved 1105920K
  class space    used 5538K, committed 6016K, reserved 1048576K
}
Event: 1864.775 GC heap after
{Heap after GC invocations=1367 (full 1250):
 PSYoungGen      total 25088K, used 14335K [0x00000000f5580000, 0x00000000f7e00000, 0x0000000100000000)
  eden space 14336K, 99% used [0x00000000f5580000,0x00000000f637fff8,0x00000000f6380000)
  from space 10752K, 0% used [0x00000000f6380000,0x00000000f6380000,0x00000000f6e00000)
  to   space 12288K, 0% used [0x00000000f7200000,0x00000000f7200000,0x00000000f7e00000)
 ParOldGen       total 349696K, used 349695K [0x00000000e0000000, 0x00000000f5580000, 0x00000000f5580000)
  object space 349696K, 99% used [0x00000000e0000000,0x00000000f557ffc0,0x00000000f5580000)
 Metaspace       used 55469K, committed 56512K, reserved 1105920K
  class space    used 5538K, committed 6016K, reserved 1048576K
}
Event: 1864.776 GC heap before
{Heap before GC invocations=1368 (full 1251):
 PSYoungGen      total 25088K, used 14335K [0x00000000f5580000, 0x00000000f7e00000, 0x0000000100000000)
  eden space 14336K, 99% used [0x00000000f5580000,0x00000000f637fff8,0x00000000f6380000)
  from space 10752K, 0% used [0x00000000f6380000,0x00000000f6380000,0x00000000f6e00000)
  to   space 12288K, 0% used [0x00000000f7200000,0x00000000f7200000,0x00000000f7e00000)
 ParOldGen       total 349696K, used 349695K [0x00000000e0000000, 0x00000000f5580000, 0x00000000f5580000)
  object space 349696K, 99% used [0x00000000e0000000,0x00000000f557ffe8,0x00000000f5580000)
 Metaspace       used 55469K, committed 56512K, reserved 1105920K
  class space    used 5538K, committed 6016K, reserved 1048576K
}
Event: 1866.284 GC heap after
{Heap after GC invocations=1368 (full 1251):
 PSYoungGen      total 26624K, used 14335K [0x00000000f5580000, 0x00000000f7e00000, 0x0000000100000000)
  eden space 14336K, 99% used [0x00000000f5580000,0x00000000f637fff8,0x00000000f6380000)
  from space 12288K, 0% used [0x00000000f7200000,0x00000000f7200000,0x00000000f7e00000)
  to   space 10752K, 0% used [0x00000000f6380000,0x00000000f6380000,0x00000000f6e00000)
 ParOldGen       total 349696K, used 349695K [0x00000000e0000000, 0x00000000f5580000, 0x00000000f5580000)
  object space 349696K, 99% used [0x00000000e0000000,0x00000000f557ffd8,0x00000000f5580000)
 Metaspace       used 55469K, committed 56512K, reserved 1105920K
  class space    used 5538K, committed 6016K, reserved 1048576K
}
Event: 1866.284 GC heap before
{Heap before GC invocations=1369 (full 1252):
 PSYoungGen      total 26624K, used 14335K [0x00000000f5580000, 0x00000000f7e00000, 0x0000000100000000)
  eden space 14336K, 99% used [0x00000000f5580000,0x00000000f637fff8,0x00000000f6380000)
  from space 12288K, 0% used [0x00000000f7200000,0x00000000f7200000,0x00000000f7e00000)
  to   space 10752K, 0% used [0x00000000f6380000,0x00000000f6380000,0x00000000f6e00000)
 ParOldGen       total 349696K, used 349695K [0x00000000e0000000, 0x00000000f5580000, 0x00000000f5580000)
  object space 349696K, 99% used [0x00000000e0000000,0x00000000f557ffd8,0x00000000f5580000)
 Metaspace       used 55469K, committed 56512K, reserved 1105920K
  class space    used 5538K, committed 6016K, reserved 1048576K
}
Event: 1867.819 GC heap after
{Heap after GC invocations=1369 (full 1252):
 PSYoungGen      total 25088K, used 14335K [0x00000000f5580000, 0x00000000f7e00000, 0x0000000100000000)
  eden space 14336K, 99% used [0x00000000f5580000,0x00000000f637fff8,0x00000000f6380000)
  from space 10752K, 0% used [0x00000000f6380000,0x00000000f6380000,0x00000000f6e00000)
  to   space 12288K, 0% used [0x00000000f7200000,0x00000000f7200000,0x00000000f7e00000)
 ParOldGen       total 349696K, used 349695K [0x00000000e0000000, 0x00000000f5580000, 0x00000000f5580000)
  object space 349696K, 99% used [0x00000000e0000000,0x00000000f557ffd8,0x00000000f5580000)
 Metaspace       used 55469K, committed 56512K, reserved 1105920K
  class space    used 5538K, committed 6016K, reserved 1048576K
}
Event: 1867.823 GC heap before
{Heap before GC invocations=1370 (full 1253):
 PSYoungGen      total 25088K, used 14335K [0x00000000f5580000, 0x00000000f7e00000, 0x0000000100000000)
  eden space 14336K, 99% used [0x00000000f5580000,0x00000000f637fff8,0x00000000f6380000)
  from space 10752K, 0% used [0x00000000f6380000,0x00000000f6380000,0x00000000f6e00000)
  to   space 12288K, 0% used [0x00000000f7200000,0x00000000f7200000,0x00000000f7e00000)
 ParOldGen       total 349696K, used 349695K [0x00000000e0000000, 0x00000000f5580000, 0x00000000f5580000)
  object space 349696K, 99% used [0x00000000e0000000,0x00000000f557ffd8,0x00000000f5580000)
 Metaspace       used 55469K, committed 56512K, reserved 1105920K
  class space    used 5538K, committed 6016K, reserved 1048576K
}
Event: 1869.276 GC heap after
{Heap after GC invocations=1370 (full 1253):
 PSYoungGen      total 26624K, used 14335K [0x00000000f5580000, 0x00000000f7e00000, 0x0000000100000000)
  eden space 14336K, 99% used [0x00000000f5580000,0x00000000f637fff8,0x00000000f6380000)
  from space 12288K, 0% used [0x00000000f7200000,0x00000000f7200000,0x00000000f7e00000)
  to   space 10752K, 0% used [0x00000000f6380000,0x00000000f6380000,0x00000000f6e00000)
 ParOldGen       total 349696K, used 349695K [0x00000000e0000000, 0x00000000f5580000, 0x00000000f5580000)
  object space 349696K, 99% used [0x00000000e0000000,0x00000000f557ffd8,0x00000000f5580000)
 Metaspace       used 55469K, committed 56512K, reserved 1105920K
  class space    used 5538K, committed 6016K, reserved 1048576K
}
Event: 1869.276 GC heap before
{Heap before GC invocations=1371 (full 1254):
 PSYoungGen      total 26624K, used 14335K [0x00000000f5580000, 0x00000000f7e00000, 0x0000000100000000)
  eden space 14336K, 99% used [0x00000000f5580000,0x00000000f637fff8,0x00000000f6380000)
  from space 12288K, 0% used [0x00000000f7200000,0x00000000f7200000,0x00000000f7e00000)
  to   space 10752K, 0% used [0x00000000f6380000,0x00000000f6380000,0x00000000f6e00000)
 ParOldGen       total 349696K, used 349695K [0x00000000e0000000, 0x00000000f5580000, 0x00000000f5580000)
  object space 349696K, 99% used [0x00000000e0000000,0x00000000f557ffd8,0x00000000f5580000)
 Metaspace       used 55469K, committed 56512K, reserved 1105920K
  class space    used 5538K, committed 6016K, reserved 1048576K
}
Event: 1870.617 GC heap after
{Heap after GC invocations=1371 (full 1254):
 PSYoungGen      total 25088K, used 14335K [0x00000000f5580000, 0x00000000f7e00000, 0x0000000100000000)
  eden space 14336K, 99% used [0x00000000f5580000,0x00000000f637fff8,0x00000000f6380000)
  from space 10752K, 0% used [0x00000000f6380000,0x00000000f6380000,0x00000000f6e00000)
  to   space 12288K, 0% used [0x00000000f7200000,0x00000000f7200000,0x00000000f7e00000)
 ParOldGen       total 349696K, used 349695K [0x00000000e0000000, 0x00000000f5580000, 0x00000000f5580000)
  object space 349696K, 99% used [0x00000000e0000000,0x00000000f557ffd8,0x00000000f5580000)
 Metaspace       used 55469K, committed 56512K, reserved 1105920K
  class space    used 5538K, committed 6016K, reserved 1048576K
}
Event: 1870.617 GC heap before
{Heap before GC invocations=1372 (full 1255):
 PSYoungGen      total 25088K, used 14335K [0x00000000f5580000, 0x00000000f7e00000, 0x0000000100000000)
  eden space 14336K, 99% used [0x00000000f5580000,0x00000000f637fff8,0x00000000f6380000)
  from space 10752K, 0% used [0x00000000f6380000,0x00000000f6380000,0x00000000f6e00000)
  to   space 12288K, 0% used [0x00000000f7200000,0x00000000f7200000,0x00000000f7e00000)
 ParOldGen       total 349696K, used 349695K [0x00000000e0000000, 0x00000000f5580000, 0x00000000f5580000)
  object space 349696K, 99% used [0x00000000e0000000,0x00000000f557ffd8,0x00000000f5580000)
 Metaspace       used 55469K, committed 56512K, reserved 1105920K
  class space    used 5538K, committed 6016K, reserved 1048576K
}
Event: 1871.970 GC heap after
{Heap after GC invocations=1372 (full 1255):
 PSYoungGen      total 26624K, used 14335K [0x00000000f5580000, 0x00000000f7e00000, 0x0000000100000000)
  eden space 14336K, 99% used [0x00000000f5580000,0x00000000f637fff8,0x00000000f6380000)
  from space 12288K, 0% used [0x00000000f7200000,0x00000000f7200000,0x00000000f7e00000)
  to   space 10752K, 0% used [0x00000000f6380000,0x00000000f6380000,0x00000000f6e00000)
 ParOldGen       total 349696K, used 349695K [0x00000000e0000000, 0x00000000f5580000, 0x00000000f5580000)
  object space 349696K, 99% used [0x00000000e0000000,0x00000000f557ffd8,0x00000000f5580000)
 Metaspace       used 55469K, committed 56512K, reserved 1105920K
  class space    used 5538K, committed 6016K, reserved 1048576K
}
Event: 1871.970 GC heap before
{Heap before GC invocations=1373 (full 1256):
 PSYoungGen      total 26624K, used 14335K [0x00000000f5580000, 0x00000000f7e00000, 0x0000000100000000)
  eden space 14336K, 99% used [0x00000000f5580000,0x00000000f637fff8,0x00000000f6380000)
  from space 12288K, 0% used [0x00000000f7200000,0x00000000f7200000,0x00000000f7e00000)
  to   space 10752K, 0% used [0x00000000f6380000,0x00000000f6380000,0x00000000f6e00000)
 ParOldGen       total 349696K, used 349695K [0x00000000e0000000, 0x00000000f5580000, 0x00000000f5580000)
  object space 349696K, 99% used [0x00000000e0000000,0x00000000f557ffd8,0x00000000f5580000)
 Metaspace       used 55469K, committed 56512K, reserved 1105920K
  class space    used 5538K, committed 6016K, reserved 1048576K
}
Event: 1873.314 GC heap after
{Heap after GC invocations=1373 (full 1256):
 PSYoungGen      total 25088K, used 14335K [0x00000000f5580000, 0x00000000f7e00000, 0x0000000100000000)
  eden space 14336K, 99% used [0x00000000f5580000,0x00000000f637fff8,0x00000000f6380000)
  from space 10752K, 0% used [0x00000000f6380000,0x00000000f6380000,0x00000000f6e00000)
  to   space 12288K, 0% used [0x00000000f7200000,0x00000000f7200000,0x00000000f7e00000)
 ParOldGen       total 349696K, used 349695K [0x00000000e0000000, 0x00000000f5580000, 0x00000000f5580000)
  object space 349696K, 99% used [0x00000000e0000000,0x00000000f557ffd8,0x00000000f5580000)
 Metaspace       used 55469K, committed 56512K, reserved 1105920K
  class space    used 5538K, committed 6016K, reserved 1048576K
}
Event: 1873.314 GC heap before
{Heap before GC invocations=1374 (full 1257):
 PSYoungGen      total 25088K, used 14335K [0x00000000f5580000, 0x00000000f7e00000, 0x0000000100000000)
  eden space 14336K, 99% used [0x00000000f5580000,0x00000000f637fff8,0x00000000f6380000)
  from space 10752K, 0% used [0x00000000f6380000,0x00000000f6380000,0x00000000f6e00000)
  to   space 12288K, 0% used [0x00000000f7200000,0x00000000f7200000,0x00000000f7e00000)
 ParOldGen       total 349696K, used 349695K [0x00000000e0000000, 0x00000000f5580000, 0x00000000f5580000)
  object space 349696K, 99% used [0x00000000e0000000,0x00000000f557fff0,0x00000000f5580000)
 Metaspace       used 55469K, committed 56512K, reserved 1105920K
  class space    used 5538K, committed 6016K, reserved 1048576K
}
Event: 1874.626 GC heap after
{Heap after GC invocations=1374 (full 1257):
 PSYoungGen      total 26624K, used 14335K [0x00000000f5580000, 0x00000000f7e00000, 0x0000000100000000)
  eden space 14336K, 99% used [0x00000000f5580000,0x00000000f637fff8,0x00000000f6380000)
  from space 12288K, 0% used [0x00000000f7200000,0x00000000f7200000,0x00000000f7e00000)
  to   space 10752K, 0% used [0x00000000f6380000,0x00000000f6380000,0x00000000f6e00000)
 ParOldGen       total 349696K, used 349695K [0x00000000e0000000, 0x00000000f5580000, 0x00000000f5580000)
  object space 349696K, 99% used [0x00000000e0000000,0x00000000f557fff0,0x00000000f5580000)
 Metaspace       used 55469K, committed 56512K, reserved 1105920K
  class space    used 5538K, committed 6016K, reserved 1048576K
}
Event: 1874.626 GC heap before
{Heap before GC invocations=1375 (full 1258):
 PSYoungGen      total 26624K, used 14335K [0x00000000f5580000, 0x00000000f7e00000, 0x0000000100000000)
  eden space 14336K, 99% used [0x00000000f5580000,0x00000000f637fff8,0x00000000f6380000)
  from space 12288K, 0% used [0x00000000f7200000,0x00000000f7200000,0x00000000f7e00000)
  to   space 10752K, 0% used [0x00000000f6380000,0x00000000f6380000,0x00000000f6e00000)
 ParOldGen       total 349696K, used 349695K [0x00000000e0000000, 0x00000000f5580000, 0x00000000f5580000)
  object space 349696K, 99% used [0x00000000e0000000,0x00000000f557fff0,0x00000000f5580000)
 Metaspace       used 55469K, committed 56512K, reserved 1105920K
  class space    used 5538K, committed 6016K, reserved 1048576K
}
Event: 1876.030 GC heap after
{Heap after GC invocations=1375 (full 1258):
 PSYoungGen      total 25088K, used 14335K [0x00000000f5580000, 0x00000000f7e00000, 0x0000000100000000)
  eden space 14336K, 99% used [0x00000000f5580000,0x00000000f637fff8,0x00000000f6380000)
  from space 10752K, 0% used [0x00000000f6380000,0x00000000f6380000,0x00000000f6e00000)
  to   space 12288K, 0% used [0x00000000f7200000,0x00000000f7200000,0x00000000f7e00000)
 ParOldGen       total 349696K, used 349695K [0x00000000e0000000, 0x00000000f5580000, 0x00000000f5580000)
  object space 349696K, 99% used [0x00000000e0000000,0x00000000f557fff0,0x00000000f5580000)
 Metaspace       used 55469K, committed 56512K, reserved 1105920K
  class space    used 5538K, committed 6016K, reserved 1048576K
}

Dll operation events (9 events):
Event: 0.123 Loaded shared library /nix/store/gpxl5qgg8kicmcvivwmybwjlpf7wh20l-graalvm17-ce-22.3.0/lib/libjava.so
Event: 0.250 Loaded shared library /nix/store/gpxl5qgg8kicmcvivwmybwjlpf7wh20l-graalvm17-ce-22.3.0/lib/libjsvml.so
Event: 0.487 Loaded shared library /nix/store/gpxl5qgg8kicmcvivwmybwjlpf7wh20l-graalvm17-ce-22.3.0/lib/libnio.so
Event: 0.494 Loaded shared library /nix/store/gpxl5qgg8kicmcvivwmybwjlpf7wh20l-graalvm17-ce-22.3.0/lib/libzip.so
Event: 0.517 Loaded shared library /nix/store/gpxl5qgg8kicmcvivwmybwjlpf7wh20l-graalvm17-ce-22.3.0/lib/libjvmcicompiler.so
Event: 0.918 Loaded shared library /nix/store/gpxl5qgg8kicmcvivwmybwjlpf7wh20l-graalvm17-ce-22.3.0/lib/libjimage.so
Event: 2.828 Loaded shared library /nix/store/gpxl5qgg8kicmcvivwmybwjlpf7wh20l-graalvm17-ce-22.3.0/lib/libnet.so
Event: 4.209 Loaded shared library /home/runner/WalmartReviewScraper/.cache/jdt-language-server/config/org.eclipse.equinox.launcher/org.eclipse.equinox.launcher.gtk.linux.x86_64_1.2.400.v20211117-0650/eclipse_11600.so
Event: 14.520 Loaded shared library /nix/store/gpxl5qgg8kicmcvivwmybwjlpf7wh20l-graalvm17-ce-22.3.0/lib/libextnet.so

Deoptimization events (20 events):
Event: 1748.209 Thread 0x00007046e82dd980 Uncommon trap: trap_request=0xffffffed fr.pc=0x00007046d7217490 relative=0x00000000000001d0
Event: 1748.209 Thread 0x00007046e82dd980 Uncommon trap: reason=null_assert_or_unreached0 action=reinterpret pc=0x00007046d7217490 method=java.util.concurrent.locks.ReentrantReadWriteLock$Sync.tryReleaseShared(I)Z @ 73 jvmci
Event: 1748.209 Thread 0x00007046e82dd980 DEOPT PACKING pc=0x00007046d7217490 sp=0x00007046cccfe4b0
Event: 1748.209 Thread 0x00007046e82dd980 DEOPT UNPACKING pc=0x00007046cf505325 sp=0x00007046cccfd940 mode 3
Event: 1840.831 Thread 0x00007046e8429e00 DEOPT PACKING pc=0x00007046d709b624 sp=0x0000704693ffd8a0
Event: 1840.831 Thread 0x00007046e8429e00 DEOPT UNPACKING pc=0x00007046cf505325 sp=0x0000704693ffcca8 mode 1
Event: 1840.831 Thread 0x00007046e8429e00 DEOPT PACKING pc=0x00007046d709d614 sp=0x0000704693ffd930
Event: 1840.831 Thread 0x00007046e8429e00 DEOPT UNPACKING pc=0x00007046cf505325 sp=0x0000704693ffcdb0 mode 1
Event: 1867.820 Thread 0x00007046540369d0 Uncommon trap: trap_request=0xffffff8f fr.pc=0x00007046d6fac919 relative=0x00000000000002f9
Event: 1867.820 Thread 0x00007046540369d0 Uncommon trap: reason=constraint action=none pc=0x00007046d6fac919 method=java.lang.String.substring(II)Ljava/lang/String; @ 22 jvmci
Event: 1867.820 Thread 0x00007046540369d0 DEOPT PACKING pc=0x00007046d6fac919 sp=0x00007046cc5fd9d0
Event: 1867.820 Thread 0x00007046540369d0 DEOPT UNPACKING pc=0x00007046cf505325 sp=0x00007046cc5fce50 mode 3
Event: 1870.617 Thread 0x00007046540369d0 Uncommon trap: trap_request=0xffffff8f fr.pc=0x00007046d6f95594 relative=0x0000000000000274
Event: 1870.617 Thread 0x00007046540369d0 Uncommon trap: reason=constraint action=none pc=0x00007046d6f95594 method=java.lang.StringLatin1.newString([BII)Ljava/lang/String; @ 0 jvmci
Event: 1873.314 Thread 0x00007046540369d0 DEOPT PACKING pc=0x00007046d6f95594 sp=0x00007046cc5fd930
Event: 1873.314 Thread 0x00007046540369d0 DEOPT UNPACKING pc=0x00007046cf505325 sp=0x00007046cc5fcdd8 mode 3
Event: 1873.314 Thread 0x000070467c5e3830 Uncommon trap: trap_request=0xffffff8f fr.pc=0x00007046d720e494 relative=0x0000000000000274
Event: 1873.314 Thread 0x000070467c5e3830 Uncommon trap: reason=constraint action=none pc=0x00007046d720e494 method=org.eclipse.jdt.internal.core.index.DiskIndex$IntList.add(I)V @ 0 jvmci
Event: 1873.314 Thread 0x000070467c5e3830 DEOPT PACKING pc=0x00007046d720e494 sp=0x00007046947fe520
Event: 1873.314 Thread 0x000070467c5e3830 DEOPT UNPACKING pc=0x00007046cf505325 sp=0x00007046947fd9c0 mode 3

Classes unloaded (20 events):
Event: 168.511 Thread 0x00007046e80a13e0 Unloading class 0x0000000800ee0400 'jdk/internal/reflect/GeneratedConstructorAccessor9'
Event: 168.511 Thread 0x00007046e80a13e0 Unloading class 0x0000000800ee0000 'jdk/internal/reflect/GeneratedConstructorAccessor8'
Event: 168.511 Thread 0x00007046e80a13e0 Unloading class 0x0000000800d88400 'java/lang/invoke/LambdaForm$MH+0x0000000800d88400'
Event: 168.511 Thread 0x00007046e80a13e0 Unloading class 0x0000000800cb0000 'java/lang/invoke/LambdaForm$MH+0x0000000800cb0000'
Event: 1089.372 Thread 0x00007046e80a13e0 Unloading class 0x0000000800ee0800 'jdk/internal/reflect/GeneratedSerializationConstructorAccessor38'
Event: 1558.081 Thread 0x00007046e80a13e0 Unloading class 0x0000000800c01c00 'jdk/internal/reflect/GeneratedSerializationConstructorAccessor46'
Event: 1658.817 Thread 0x00007046e80a13e0 Unloading class 0x0000000801126400 'jdk/internal/reflect/GeneratedSerializationConstructorAccessor51'
Event: 1662.030 Thread 0x00007046e80a13e0 Unloading class 0x000000080112d400 'jdk/internal/reflect/GeneratedSerializationConstructorAccessor48'
Event: 1662.030 Thread 0x00007046e80a13e0 Unloading class 0x000000080112d000 'jdk/internal/reflect/GeneratedSerializationConstructorAccessor47'
Event: 1662.030 Thread 0x00007046e80a13e0 Unloading class 0x0000000800ee0800 'jdk/internal/reflect/GeneratedSerializationConstructorAccessor45'
Event: 1662.030 Thread 0x00007046e80a13e0 Unloading class 0x0000000800c85000 'jdk/internal/reflect/GeneratedSerializationConstructorAccessor44'
Event: 1662.030 Thread 0x00007046e80a13e0 Unloading class 0x0000000800cb1000 'jdk/internal/reflect/GeneratedSerializationConstructorAccessor43'
Event: 1662.030 Thread 0x00007046e80a13e0 Unloading class 0x0000000800d89000 'jdk/internal/reflect/GeneratedSerializationConstructorAccessor40'
Event: 1662.030 Thread 0x00007046e80a13e0 Unloading class 0x0000000800ee1000 'jdk/internal/reflect/GeneratedSerializationConstructorAccessor37'
Event: 1662.030 Thread 0x00007046e80a13e0 Unloading class 0x00000008010f8000 'jdk/internal/reflect/GeneratedSerializationConstructorAccessor36'
Event: 1674.275 Thread 0x00007046e80a13e0 Unloading class 0x0000000801126000 'jdk/internal/reflect/GeneratedSerializationConstructorAccessor49'
Event: 1674.275 Thread 0x00007046e80a13e0 Unloading class 0x0000000800cb2000 'jdk/internal/reflect/GeneratedSerializationConstructorAccessor42'
Event: 1674.275 Thread 0x00007046e80a13e0 Unloading class 0x0000000800cb2800 'jdk/internal/reflect/GeneratedSerializationConstructorAccessor41'
Event: 1674.275 Thread 0x00007046e80a13e0 Unloading class 0x0000000800cb0000 'jdk/internal/reflect/GeneratedSerializationConstructorAccessor39'
Event: 1753.382 Thread 0x00007046e80a13e0 Unloading class 0x0000000800c01c00 'jdk/internal/reflect/GeneratedSerializationConstructorAccessor50'

Classes redefined (0 events):
No events

Internal exceptions (20 events):
Event: 58.219 Thread 0x000070466c0010d0 Exception <a 'java/lang/NoSuchMethodError'{0x00000000f5fc52f0}: 'java.lang.Object java.lang.invoke.DirectMethodHandle$Holder.newInvokeSpecial(java.lang.Object, java.lang.Object, java.lang.Object, int, java.lang.Object)'> (0x00000000f5fc52f0) 
thrown [src/hotspot/share/interpreter/linkResolver.cpp, line 758]
Event: 58.219 Thread 0x000070466c0010d0 Exception <a 'java/lang/NoSuchMethodError'{0x00000000f5fc94a0}: 'java.lang.Object java.lang.invoke.DirectMethodHandle$Holder.invokeSpecial(java.lang.Object, java.lang.Object, java.lang.Object, java.lang.Object, int, java.lang.Object)'> (0x00000000f5fc94a0) 
thrown [src/hotspot/share/interpreter/linkResolver.cpp, line 758]
Event: 58.219 Thread 0x000070466c0010d0 Exception <a 'java/lang/NoSuchMethodError'{0x00000000f5fccf88}: 'java.lang.Object java.lang.invoke.Invokers$Holder.linkToTargetMethod(java.lang.Object, java.lang.Object, int, java.lang.Object, java.lang.Object)'> (0x00000000f5fccf88) 
thrown [src/hotspot/share/interpreter/linkResolver.cpp, line 758]
Event: 1657.782 Thread 0x000070466c0010d0 Exception <a 'java/lang/OutOfMemoryError'{0x00000000e00bc790}> (0x00000000e00bc790) 
thrown [src/hotspot/share/gc/shared/memAllocator.cpp, line 136]
Event: 1660.981 Thread 0x000070466c0010d0 Exception <a 'java/lang/reflect/InvocationTargetException'{0x00000000f557ea98}> (0x00000000f557ea98) 
thrown [src/hotspot/share/runtime/reflection.cpp, line 1119]
Event: 1753.789 Thread 0x000070466c0010d0 Exception <a 'java/lang/OutOfMemoryError'{0x00000000e00bca60}> (0x00000000e00bca60) 
thrown [src/hotspot/share/gc/shared/memAllocator.cpp, line 136]
Event: 1769.282 Thread 0x000070466c0010d0 Exception <a 'java/lang/OutOfMemoryError'{0x00000000e00bd050}> (0x00000000e00bd050) 
thrown [src/hotspot/share/gc/shared/memAllocator.cpp, line 136]
Event: 1795.781 Thread 0x00007046e8429e00 Exception <a 'java/lang/OutOfMemoryError'{0x00000000e00bcd80}> (0x00000000e00bcd80) 
thrown [src/hotspot/share/gc/shared/memAllocator.cpp, line 136]
Event: 1795.781 Thread 0x00007046e8429e00 Exception <a 'java/lang/reflect/InvocationTargetException'{0x00000000f637ffc0}> (0x00000000f637ffc0) 
thrown [src/hotspot/share/runtime/reflection.cpp, line 1119]
Event: 1835.172 Thread 0x00007046e8429e00 Exception <a 'java/lang/OutOfMemoryError'{0x00000000e00bcd80}> (0x00000000e00bcd80) 
thrown [src/hotspot/share/gc/shared/memAllocator.cpp, line 136]
Event: 1836.584 Thread 0x00007046e8429e00 Exception <a 'java/lang/reflect/InvocationTargetException'{0x00000000f637fec8}> (0x00000000f637fec8) 
thrown [src/hotspot/share/runtime/reflection.cpp, line 1119]
Event: 1836.584 Thread 0x00007046e8429e00 Exception <a 'java/lang/OutOfMemoryError'{0x00000000e00bcd80}> (0x00000000e00bcd80) 
thrown [src/hotspot/share/prims/jni.cpp, line 516]
Event: 1840.831 Thread 0x00007046e8429e00 Exception <a 'java/lang/OutOfMemoryError'{0x00000000e00bcd80}> (0x00000000e00bcd80) 
thrown [src/hotspot/share/gc/shared/memAllocator.cpp, line 136]
Event: 1867.820 Thread 0x00007046540369d0 Exception <a 'java/lang/OutOfMemoryError'{0x00000000e00bca60}> (0x00000000e00bca60) 
thrown [src/hotspot/share/gc/shared/memAllocator.cpp, line 138]
Event: 1867.820 Thread 0x00007046540369d0 Implicit null exception at 0x00007046d6fac826 to 0x00007046d6fac8fe
Event: 1870.617 Thread 0x00007046540369d0 Exception <a 'java/lang/OutOfMemoryError'{0x00000000e00bca60}> (0x00000000e00bca60) 
thrown [src/hotspot/share/gc/shared/memAllocator.cpp, line 138]
Event: 1870.617 Thread 0x00007046540369d0 Implicit null exception at 0x00007046d6f954af to 0x00007046d6f95579
Event: 1873.314 Thread 0x000070467c5e3830 Exception <a 'java/lang/OutOfMemoryError'{0x00000000e00bca60}> (0x00000000e00bca60) 
thrown [src/hotspot/share/gc/shared/memAllocator.cpp, line 138]
Event: 1873.314 Thread 0x000070467c5e3830 Implicit null exception at 0x00007046d720e3ed to 0x00007046d720e479
Event: 1876.030 Thread 0x00007046e80b19b0 Exception <a 'java/lang/OutOfMemoryError'{0x00000000e00bcd80}> (0x00000000e00bcd80) 
thrown [src/hotspot/share/gc/shared/memAllocator.cpp, line 136]

VM Operations (20 events):
Event: 1854.810 Executing VM operation: ParallelGCFailedAllocation
Event: 1856.132 Executing VM operation: ParallelGCFailedAllocation done
Event: 1856.167 Executing VM operation: ParallelGCFailedAllocation
Event: 1857.581 Executing VM operation: ParallelGCFailedAllocation done
Event: 1857.581 Executing VM operation: ParallelGCFailedAllocation
Event: 1858.979 Executing VM operation: ParallelGCFailedAllocation done
Event: 1858.979 Executing VM operation: ParallelGCFailedAllocation
Event: 1860.430 Executing VM operation: ParallelGCFailedAllocation done
Event: 1860.430 Executing VM operation: ParallelGCFailedAllocation
Event: 1863.370 Executing VM operation: ParallelGCFailedAllocation done
Event: 1863.370 Executing VM operation: ParallelGCFailedAllocation
Event: 1864.775 Executing VM operation: ParallelGCFailedAllocation done
Event: 1864.776 Executing VM operation: ParallelGCFailedAllocation
Event: 1867.820 Executing VM operation: ParallelGCFailedAllocation done
Event: 1867.820 Executing VM operation: ParallelGCFailedAllocation
Event: 1870.617 Executing VM operation: ParallelGCFailedAllocation done
Event: 1870.617 Executing VM operation: ParallelGCFailedAllocation
Event: 1873.314 Executing VM operation: ParallelGCFailedAllocation done
Event: 1873.314 Executing VM operation: ParallelGCFailedAllocation
Event: 1876.030 Executing VM operation: ParallelGCFailedAllocation done

Events (20 events):
Event: 1703.211 Thread 0x0000704660000ff0 Thread added: 0x0000704660000ff0
Event: 1703.211 Protecting memory [0x00007046cc300000,0x00007046cc304000] with protection modes 0
Event: 1722.517 loading class java/util/concurrent/CompletableFuture$UniExceptionally done
Event: 1737.614 loading class java/util/concurrent/CancellationException
Event: 1737.614 loading class java/util/concurrent/CancellationException done
Event: 1737.614 loading class java/util/concurrent/CompletionException
Event: 1737.614 loading class java/util/concurrent/CompletionException done
Event: 1772.322 loading class java/lang/Throwable$WrappedPrintStream
Event: 1772.322 loading class java/lang/Throwable$WrappedPrintStream done
Event: 1772.323 Thread 0x000070466c0010d0 Thread exited: 0x000070466c0010d0
Event: 1798.484 loading class java/util/logging/LogRecord
Event: 1798.484 loading class java/util/logging/LogRecord done
Event: 1801.331 loading class java/util/logging/ConsoleHandler
Event: 1801.331 loading class java/util/logging/StreamHandler
Event: 1801.331 loading class java/util/logging/StreamHandler done
Event: 1801.331 loading class java/util/logging/ConsoleHandler done
Event: 1802.729 loading class java/util/logging/SimpleFormatter
Event: 1802.729 loading class java/util/logging/Formatter
Event: 1815.710 loading class java/util/logging/Formatter done
Event: 1815.710 loading class java/util/logging/SimpleFormatter done


Dynamic libraries:
e0000000-f3880000 rw-p 00000000 00:00 0 
f3880000-f7e00000 rw-p 00000000 00:00 0 
f7e00000-100000000 ---p 00000000 00:00 0 
800000000-800449000 rw-p 00001000 08:30 707969865                        /nix/store/gpxl5qgg8kicmcvivwmybwjlpf7wh20l-graalvm17-ce-22.3.0/lib/server/classes.jsa
800449000-800bc8000 r--p 0044a000 08:30 707969865                        /nix/store/gpxl5qgg8kicmcvivwmybwjlpf7wh20l-graalvm17-ce-22.3.0/lib/server/classes.jsa
800bc8000-800c00000 ---p 00000000 00:00 0 
800c00000-800c10000 rw-p 00000000 00:00 0 
800c10000-800c30000 rw-p 00000000 00:00 0 
800c30000-800cb0000 rw-p 00000000 00:00 0 
800cb0000-800cf0000 rw-p 00000000 00:00 0 
800cf0000-800db0000 rw-p 00000000 00:00 0 
800db0000-800df0000 rw-p 00000000 00:00 0 
800df0000-800f30000 rw-p 00000000 00:00 0 
800f30000-800f70000 rw-p 00000000 00:00 0 
800f70000-800fb0000 rw-p 00000000 00:00 0 
800fb0000-800ff0000 rw-p 00000000 00:00 0 
800ff0000-8011e0000 rw-p 00000000 00:00 0 
8011e0000-840c00000 ---p 00000000 00:00 0 
5e479a76d000-5e479a76e000 r-xp 00000000 08:30 672029940                  /nix/store/gpxl5qgg8kicmcvivwmybwjlpf7wh20l-graalvm17-ce-22.3.0/bin/.java-wrapped
5e479a76f000-5e479a770000 r--p 00001000 08:30 672029940                  /nix/store/gpxl5qgg8kicmcvivwmybwjlpf7wh20l-graalvm17-ce-22.3.0/bin/.java-wrapped
5e479a770000-5e479a771000 rw-p 00002000 08:30 672029940                  /nix/store/gpxl5qgg8kicmcvivwmybwjlpf7wh20l-graalvm17-ce-22.3.0/bin/.java-wrapped
5e479a771000-5e479a772000 rw-p 00004000 08:30 672029940                  /nix/store/gpxl5qgg8kicmcvivwmybwjlpf7wh20l-graalvm17-ce-22.3.0/bin/.java-wrapped
5e479a772000-5e479a773000 rw-p 00005000 08:30 672029940                  /nix/store/gpxl5qgg8kicmcvivwmybwjlpf7wh20l-graalvm17-ce-22.3.0/bin/.java-wrapped
5e479ac3e000-5e479ac86000 rw-p 00000000 00:00 0                          [heap]
704628000000-70462808b000 rw-p 00000000 00:00 0 
70462808b000-70462c000000 ---p 00000000 00:00 0 
704630000000-704630021000 rw-p 00000000 00:00 0 
704630021000-704634000000 ---p 00000000 00:00 0 
704634000000-704634021000 rw-p 00000000 00:00 0 
704634021000-704638000000 ---p 00000000 00:00 0 
704638000000-704638021000 rw-p 00000000 00:00 0 
704638021000-70463c000000 ---p 00000000 00:00 0 
70463e4b3000-704648000000 r--s 00000000 08:30 707804677                  /nix/store/gpxl5qgg8kicmcvivwmybwjlpf7wh20l-graalvm17-ce-22.3.0/lib/modules
704648000000-704648021000 rw-p 00000000 00:00 0 
704648021000-70464c000000 ---p 00000000 00:00 0 
70464c000000-70464c021000 rw-p 00000000 00:00 0 
70464c021000-704650000000 ---p 00000000 00:00 0 
704650000000-7046504a0000 rw-p 00000000 00:00 0 
7046504a0000-704654000000 ---p 00000000 00:00 0 
704654000000-70465411c000 rw-p 00000000 00:00 0 
70465411c000-704658000000 ---p 00000000 00:00 0 
704658800000-704658950000 rw-p 00000000 00:00 0 
704658950000-704659000000 ---p 00000000 00:00 0 
704659000000-704659800000 rw-p 00000000 00:00 0 
70465ac00000-70465b1f0000 rw-p 00000000 00:00 0 
70465b1f0000-70465b3f0000 rw-p 00000000 00:00 0 
70465b3f0000-70465b4f0000 rw-p 00000000 00:00 0 
70465b4f0000-70465b5f0000 rw-p 00000000 00:00 0 
70465b5f0000-70465b770000 rw-p 00000000 00:00 0 
70465b770000-70465b7f0000 rw-p 00000000 00:00 0 
70465b7f0000-70465b8f0000 rw-p 00000000 00:00 0 
70465b8f0000-70465b9f0000 rw-p 00000000 00:00 0 
70465b9f0000-70465baf0000 rw-p 00000000 00:00 0 
70465baf0000-70465bc00000 rw-p 00000000 00:00 0 
70465c000000-70465c021000 rw-p 00000000 00:00 0 
70465c021000-704660000000 ---p 00000000 00:00 0 
704660000000-7046600ef000 rw-p 00000000 00:00 0 
7046600ef000-704664000000 ---p 00000000 00:00 0 
704664000000-704664072000 rw-p 00000000 00:00 0 
704664072000-704668000000 ---p 00000000 00:00 0 
704668000000-704668021000 rw-p 00000000 00:00 0 
704668021000-70466c000000 ---p 00000000 00:00 0 
70466c000000-70466c33b000 rw-p 00000000 00:00 0 
70466c33b000-704670000000 ---p 00000000 00:00 0 
704670000000-70467019b000 rw-p 00000000 00:00 0 
70467019b000-704674000000 ---p 00000000 00:00 0 
704674000000-704674021000 rw-p 00000000 00:00 0 
704674021000-704678000000 ---p 00000000 00:00 0 
704678000000-704678021000 rw-p 00000000 00:00 0 
704678021000-70467c000000 ---p 00000000 00:00 0 
70467c000000-70467c883000 rw-p 00000000 00:00 0 
70467c883000-704680000000 ---p 00000000 00:00 0 
704680000000-704680021000 rw-p 00000000 00:00 0 
704680021000-704684000000 ---p 00000000 00:00 0 
704684000000-704684021000 rw-p 00000000 00:00 0 
704684021000-704688000000 ---p 00000000 00:00 0 
704688000000-704688021000 rw-p 00000000 00:00 0 
704688021000-70468c000000 ---p 00000000 00:00 0 
70468c000000-70468c021000 rw-p 00000000 00:00 0 
70468c021000-704690000000 ---p 00000000 00:00 0 
704690c00000-704690df0000 rw-p 00000000 00:00 0 
704690df0000-7046912f0000 rw-p 00000000 00:00 0 
7046912f0000-7046913f0000 rw-p 00000000 00:00 0 
7046913f0000-7046914f0000 rw-p 00000000 00:00 0 
7046914f0000-7046915f0000 rw-p 00000000 00:00 0 
7046915f0000-704691af0000 rw-p 00000000 00:00 0 
704691af0000-704691bf0000 rw-p 00000000 00:00 0 
704691bf0000-704691c00000 rw-p 00000000 00:00 0 
704691e00000-704691e10000 r-xp 00000000 00:25b 310                       /home/runner/WalmartReviewScraper/.cache/jdt-language-server/config/org.eclipse.equinox.launcher/org.eclipse.equinox.launcher.gtk.linux.x86_64_1.2.400.v20211117-0650/eclipse_11600.so
704691e10000-70469200f000 ---p 00010000 00:25b 310                       /home/runner/WalmartReviewScraper/.cache/jdt-language-server/config/org.eclipse.equinox.launcher/org.eclipse.equinox.launcher.gtk.linux.x86_64_1.2.400.v20211117-0650/eclipse_11600.so
70469200f000-704692010000 r--p 0000f000 00:25b 310                       /home/runner/WalmartReviewScraper/.cache/jdt-language-server/config/org.eclipse.equinox.launcher/org.eclipse.equinox.launcher.gtk.linux.x86_64_1.2.400.v20211117-0650/eclipse_11600.so
704692010000-704692011000 rw-p 00010000 00:25b 310                       /home/runner/WalmartReviewScraper/.cache/jdt-language-server/config/org.eclipse.equinox.launcher/org.eclipse.equinox.launcher.gtk.linux.x86_64_1.2.400.v20211117-0650/eclipse_11600.so
704692b00000-704692c00000 ---p 00000000 00:00 0 
704692c00000-7046931af000 r--p 01122000 08:30 707802136                  /nix/store/gpxl5qgg8kicmcvivwmybwjlpf7wh20l-graalvm17-ce-22.3.0/lib/libjvmcicompiler.so
7046931af000-704693300000 r--p 00000000 00:00 0 
704693300000-70469333d000 rw-p 00000000 00:00 0 
70469333d000-70469385d000 rw-p 0185f000 08:30 707802136                  /nix/store/gpxl5qgg8kicmcvivwmybwjlpf7wh20l-graalvm17-ce-22.3.0/lib/libjvmcicompiler.so
70469385d000-704693c44000 r--p 01d7f000 08:30 707802136                  /nix/store/gpxl5qgg8kicmcvivwmybwjlpf7wh20l-graalvm17-ce-22.3.0/lib/libjvmcicompiler.so
704693d00000-704693d04000 ---p 00000000 00:00 0 
704693d04000-704693e00000 rw-p 00000000 00:00 0 
704693e00000-704693e04000 ---p 00000000 00:00 0 
704693e04000-704693f00000 rw-p 00000000 00:00 0 
704693f00000-704693f04000 ---p 00000000 00:00 0 
704693f04000-704694000000 rw-p 00000000 00:00 0 
704694000000-704694004000 ---p 00000000 00:00 0 
704694004000-704694100000 rw-p 00000000 00:00 0 
704694100000-704694104000 ---p 00000000 00:00 0 
704694104000-704694200000 rw-p 00000000 00:00 0 
704694200000-704694204000 ---p 00000000 00:00 0 
704694204000-704694300000 rw-p 00000000 00:00 0 
704694300000-704694304000 ---p 00000000 00:00 0 
704694304000-704694400000 rw-p 00000000 00:00 0 
704694500000-704694504000 ---p 00000000 00:00 0 
704694504000-704694600000 rw-p 00000000 00:00 0 
704694600000-704694604000 ---p 00000000 00:00 0 
704694604000-704694700000 rw-p 00000000 00:00 0 
704694700000-704694704000 ---p 00000000 00:00 0 
704694704000-704694800000 rw-p 00000000 00:00 0 
704694900000-704694904000 ---p 00000000 00:00 0 
704694904000-704694a00000 rw-p 00000000 00:00 0 
704695668000-704695b00000 rw-p 00000000 00:00 0 
704695c00000-704697d6a000 r-xp 00000000 08:30 707802136                  /nix/store/gpxl5qgg8kicmcvivwmybwjlpf7wh20l-graalvm17-ce-22.3.0/lib/libjvmcicompiler.so
704697d6a000-704697f69000 ---p 0216a000 08:30 707802136                  /nix/store/gpxl5qgg8kicmcvivwmybwjlpf7wh20l-graalvm17-ce-22.3.0/lib/libjvmcicompiler.so
704697f69000-704697f6a000 r--p 02169000 08:30 707802136                  /nix/store/gpxl5qgg8kicmcvivwmybwjlpf7wh20l-graalvm17-ce-22.3.0/lib/libjvmcicompiler.so
704697f6a000-704697f6c000 rw-p 0216a000 08:30 707802136                  /nix/store/gpxl5qgg8kicmcvivwmybwjlpf7wh20l-graalvm17-ce-22.3.0/lib/libjvmcicompiler.so
704697f6c000-704697f6d000 rw-p 00000000 00:00 0 
704697f6d000-704697f72000 rw-p 023c3000 08:30 707802136                  /nix/store/gpxl5qgg8kicmcvivwmybwjlpf7wh20l-graalvm17-ce-22.3.0/lib/libjvmcicompiler.so
704698000000-704698021000 rw-p 00000000 00:00 0 
704698021000-70469c000000 ---p 00000000 00:00 0 
70469c000000-70469c021000 rw-p 00000000 00:00 0 
70469c021000-7046a0000000 ---p 00000000 00:00 0 
7046a0000000-7046a0061000 rw-p 00000000 00:00 0 
7046a0061000-7046a4000000 ---p 00000000 00:00 0 
7046a4000000-7046a4021000 rw-p 00000000 00:00 0 
7046a4021000-7046a8000000 ---p 00000000 00:00 0 
7046a8000000-7046a80ec000 rw-p 00000000 00:00 0 
7046a80ec000-7046ac000000 ---p 00000000 00:00 0 
7046ac000000-7046acbae000 rw-p 00000000 00:00 0 
7046acbae000-7046b0000000 ---p 00000000 00:00 0 
7046b0000000-7046b0021000 rw-p 00000000 00:00 0 
7046b0021000-7046b4000000 ---p 00000000 00:00 0 
7046b4000000-7046b4021000 rw-p 00000000 00:00 0 
7046b4021000-7046b8000000 ---p 00000000 00:00 0 
7046b8000000-7046b8021000 rw-p 00000000 00:00 0 
7046b8021000-7046bc000000 ---p 00000000 00:00 0 
7046bc000000-7046bc021000 rw-p 00000000 00:00 0 
7046bc021000-7046c0000000 ---p 00000000 00:00 0 
7046c0000000-7046c002e000 rw-p 00000000 00:00 0 
7046c002e000-7046c4000000 ---p 00000000 00:00 0 
7046c4000000-7046c4021000 rw-p 00000000 00:00 0 
7046c4021000-7046c8000000 ---p 00000000 00:00 0 
7046c8000000-7046c8080000 rw-p 00000000 00:00 0 
7046c8080000-7046cc004000 ---p 00000000 00:00 0 
7046cc004000-7046cc100000 rw-p 00000000 00:00 0 
7046cc200000-7046cc204000 ---p 00000000 00:00 0 
7046cc204000-7046cc300000 rw-p 00000000 00:00 0 
7046cc300000-7046cc304000 ---p 00000000 00:00 0 
7046cc304000-7046cc400000 rw-p 00000000 00:00 0 
7046cc400000-7046cc404000 ---p 00000000 00:00 0 
7046cc404000-7046cc500000 rw-p 00000000 00:00 0 
7046cc500000-7046cc504000 ---p 00000000 00:00 0 
7046cc504000-7046cc600000 rw-p 00000000 00:00 0 
7046cc600000-7046cc604000 ---p 00000000 00:00 0 
7046cc604000-7046cc700000 rw-p 00000000 00:00 0 
7046cc800000-7046cc804000 ---p 00000000 00:00 0 
7046cc804000-7046cc900000 rw-p 00000000 00:00 0 
7046cca00000-7046cca04000 ---p 00000000 00:00 0 
7046cca04000-7046ccb00000 rw-p 00000000 00:00 0 
7046ccc00000-7046ccc04000 ---p 00000000 00:00 0 
7046ccc04000-7046ccd00000 rw-p 00000000 00:00 0 
7046cce18000-7046cce19000 ---p 00000000 00:00 0 
7046cce19000-7046ccf1a000 rw-p 00000000 00:00 0 
7046ccf1a000-7046ccf1e000 ---p 00000000 00:00 0 
7046ccf1e000-7046cd01a000 rw-p 00000000 00:00 0 
7046cd01a000-7046cd01e000 ---p 00000000 00:00 0 
7046cd01e000-7046cd11a000 rw-p 00000000 00:00 0 
7046cd11a000-7046cd11e000 ---p 00000000 00:00 0 
7046cd11e000-7046cd21a000 rw-p 00000000 00:00 0 
7046cd21a000-7046cd21e000 ---p 00000000 00:00 0 
7046cd21e000-7046cd41a000 rw-p 00000000 00:00 0 
7046cd41a000-7046cd41e000 ---p 00000000 00:00 0 
7046cd41e000-7046cd61a000 rw-p 00000000 00:00 0 
7046cd61a000-7046cd61e000 ---p 00000000 00:00 0 
7046cd61e000-7046cd71a000 rw-p 00000000 00:00 0 
7046cd71a000-7046cd71e000 ---p 00000000 00:00 0 
7046cd71e000-7046cd81a000 rw-p 00000000 00:00 0 
7046cd81a000-7046cd81e000 ---p 00000000 00:00 0 
7046cd81e000-7046cd91a000 rw-p 00000000 00:00 0 
7046cd91a000-7046cdc00000 r--p 00000000 fc:00 28444448                   /usr/lib/locale/locale-archive
7046cdc00000-7046cdff0000 rw-p 00000000 00:00 0 
7046cdff0000-7046ce2f0000 rw-p 00000000 00:00 0 
7046ce2f0000-7046ce400000 rw-p 00000000 00:00 0 
7046ce4b3000-7046cf4b3000 rw-p 00000000 00:00 0 
7046cf4b3000-7046cf723000 rwxp 00000000 00:00 0 
7046cf723000-7046cfa42000 ---p 00000000 00:00 0 
7046cfa42000-7046d0992000 rwxp 00000000 00:00 0 
7046d0992000-7046d6f7a000 ---p 00000000 00:00 0 
7046d6f7a000-7046d722a000 rwxp 00000000 00:00 0 
7046d722a000-7046de4b3000 ---p 00000000 00:00 0 
7046de4b3000-7046e8000000 r--s 00000000 08:30 707804677                  /nix/store/gpxl5qgg8kicmcvivwmybwjlpf7wh20l-graalvm17-ce-22.3.0/lib/modules
7046e8000000-7046e8443000 rw-p 00000000 00:00 0 
7046e8443000-7046ec000000 ---p 00000000 00:00 0 
7046ec04d000-7046ec04f000 r-xp 00000000 08:30 707802113                  /nix/store/gpxl5qgg8kicmcvivwmybwjlpf7wh20l-graalvm17-ce-22.3.0/lib/libextnet.so
7046ec04f000-7046ec050000 r--p 00001000 08:30 707802113                  /nix/store/gpxl5qgg8kicmcvivwmybwjlpf7wh20l-graalvm17-ce-22.3.0/lib/libextnet.so
7046ec050000-7046ec051000 rw-p 00002000 08:30 707802113                  /nix/store/gpxl5qgg8kicmcvivwmybwjlpf7wh20l-graalvm17-ce-22.3.0/lib/libextnet.so
7046ec051000-7046ec052000 rw-p 00004000 08:30 707802113                  /nix/store/gpxl5qgg8kicmcvivwmybwjlpf7wh20l-graalvm17-ce-22.3.0/lib/libextnet.so
7046ec052000-7046ec056000 ---p 00000000 00:00 0 
7046ec056000-7046ec074000 rw-p 00000000 00:00 0 
7046ec074000-7046ec07b000 r-xp 00000000 08:30 707804676                  /nix/store/gpxl5qgg8kicmcvivwmybwjlpf7wh20l-graalvm17-ce-22.3.0/lib/libzip.so
7046ec07b000-7046ec07c000 ---p 00007000 08:30 707804676                  /nix/store/gpxl5qgg8kicmcvivwmybwjlpf7wh20l-graalvm17-ce-22.3.0/lib/libzip.so
7046ec07c000-7046ec07d000 r--p 00007000 08:30 707804676                  /nix/store/gpxl5qgg8kicmcvivwmybwjlpf7wh20l-graalvm17-ce-22.3.0/lib/libzip.so
7046ec07d000-7046ec07e000 rw-p 00008000 08:30 707804676                  /nix/store/gpxl5qgg8kicmcvivwmybwjlpf7wh20l-graalvm17-ce-22.3.0/lib/libzip.so
7046ec07e000-7046ec080000 rw-p 0000b000 08:30 707804676                  /nix/store/gpxl5qgg8kicmcvivwmybwjlpf7wh20l-graalvm17-ce-22.3.0/lib/libzip.so
7046ec080000-7046ec095000 r-xp 00000000 08:30 707804666                  /nix/store/gpxl5qgg8kicmcvivwmybwjlpf7wh20l-graalvm17-ce-22.3.0/lib/libnet.so
7046ec095000-7046ec096000 ---p 00015000 08:30 707804666                  /nix/store/gpxl5qgg8kicmcvivwmybwjlpf7wh20l-graalvm17-ce-22.3.0/lib/libnet.so
7046ec096000-7046ec097000 r--p 00015000 08:30 707804666                  /nix/store/gpxl5qgg8kicmcvivwmybwjlpf7wh20l-graalvm17-ce-22.3.0/lib/libnet.so
7046ec097000-7046ec098000 rw-p 00016000 08:30 707804666                  /nix/store/gpxl5qgg8kicmcvivwmybwjlpf7wh20l-graalvm17-ce-22.3.0/lib/libnet.so
7046ec098000-7046ec09b000 rw-p 0001b000 08:30 707804666                  /nix/store/gpxl5qgg8kicmcvivwmybwjlpf7wh20l-graalvm17-ce-22.3.0/lib/libnet.so
7046ec09b000-7046ec0ae000 r-xp 00000000 08:30 707804667                  /nix/store/gpxl5qgg8kicmcvivwmybwjlpf7wh20l-graalvm17-ce-22.3.0/lib/libnio.so
7046ec0ae000-7046ec0af000 r--p 00012000 08:30 707804667                  /nix/store/gpxl5qgg8kicmcvivwmybwjlpf7wh20l-graalvm17-ce-22.3.0/lib/libnio.so
7046ec0af000-7046ec0b0000 rw-p 00013000 08:30 707804667                  /nix/store/gpxl5qgg8kicmcvivwmybwjlpf7wh20l-graalvm17-ce-22.3.0/lib/libnio.so
7046ec0b0000-7046ec0b5000 rw-p 00019000 08:30 707804667                  /nix/store/gpxl5qgg8kicmcvivwmybwjlpf7wh20l-graalvm17-ce-22.3.0/lib/libnio.so
7046ec0b5000-7046ec0b9000 ---p 00000000 00:00 0 
7046ec0b9000-7046ec1b5000 rw-p 00000000 00:00 0 
7046ec1b5000-7046ec1b9000 ---p 00000000 00:00 0 
7046ec1b9000-7046ec2b5000 rw-p 00000000 00:00 0 
7046ec2b5000-7046ec2b6000 ---p 00000000 00:00 0 
7046ec2b6000-7046ec3b7000 rw-p 00000000 00:00 0 
7046ec3b7000-7046ec485000 r-xp 00000000 08:30 707802132                  /nix/store/gpxl5qgg8kicmcvivwmybwjlpf7wh20l-graalvm17-ce-22.3.0/lib/libjsvml.so
7046ec485000-7046ec486000 r--p 000cd000 08:30 707802132                  /nix/store/gpxl5qgg8kicmcvivwmybwjlpf7wh20l-graalvm17-ce-22.3.0/lib/libjsvml.so
7046ec486000-7046ec487000 rw-p 000ce000 08:30 707802132                  /nix/store/gpxl5qgg8kicmcvivwmybwjlpf7wh20l-graalvm17-ce-22.3.0/lib/libjsvml.so
7046ec487000-7046ecd5f000 rw-p 00000000 00:00 0 
7046ecd5f000-7046ecd60000 ---p 00000000 00:00 0 
7046ecd60000-7046ecefe000 rw-p 00000000 00:00 0 
7046ecefe000-7046ecf20000 rw-p 00000000 00:00 0 
7046ecf20000-7046ecf61000 ---p 00000000 00:00 0 
7046ecf61000-7046ecf68000 rw-p 00000000 00:00 0 
7046ecf68000-7046ed04d000 ---p 00000000 00:00 0 
7046ed04d000-7046ed06c000 rw-p 00000000 00:00 0 
7046ed06c000-7046ed138000 ---p 00000000 00:00 0 
7046ed138000-7046ed13d000 rw-p 00000000 00:00 0 
7046ed13d000-7046ed144000 ---p 00000000 00:00 0 
7046ed144000-7046ed168000 r-xp 00000000 08:30 707802124                  /nix/store/gpxl5qgg8kicmcvivwmybwjlpf7wh20l-graalvm17-ce-22.3.0/lib/libjava.so
7046ed168000-7046ed169000 ---p 00024000 08:30 707802124                  /nix/store/gpxl5qgg8kicmcvivwmybwjlpf7wh20l-graalvm17-ce-22.3.0/lib/libjava.so
7046ed169000-7046ed16a000 r--p 00024000 08:30 707802124                  /nix/store/gpxl5qgg8kicmcvivwmybwjlpf7wh20l-graalvm17-ce-22.3.0/lib/libjava.so
7046ed16a000-7046ed16b000 rw-p 00025000 08:30 707802124                  /nix/store/gpxl5qgg8kicmcvivwmybwjlpf7wh20l-graalvm17-ce-22.3.0/lib/libjava.so
7046ed16b000-7046ed16c000 rw-p 00000000 00:00 0 
7046ed16c000-7046ed173000 rw-p 0002f000 08:30 707802124                  /nix/store/gpxl5qgg8kicmcvivwmybwjlpf7wh20l-graalvm17-ce-22.3.0/lib/libjava.so
7046ed173000-7046ed17b000 rw-s 00000000 00:25e 398                       /tmp/hsperfdata_runner/73
7046ed17b000-7046ed17c000 ---p 00000000 00:00 0 
7046ed17c000-7046ed17d000 r--p 00000000 00:00 0 
7046ed17d000-7046ed17e000 rwxp 00000000 00:00 0 
7046ed17e000-7046ed199000 r-xp 00000000 08:30 707802128                  /nix/store/gpxl5qgg8kicmcvivwmybwjlpf7wh20l-graalvm17-ce-22.3.0/lib/libjimage.so
7046ed199000-7046ed19a000 ---p 0001b000 08:30 707802128                  /nix/store/gpxl5qgg8kicmcvivwmybwjlpf7wh20l-graalvm17-ce-22.3.0/lib/libjimage.so
7046ed19a000-7046ed19c000 r--p 0001b000 08:30 707802128                  /nix/store/gpxl5qgg8kicmcvivwmybwjlpf7wh20l-graalvm17-ce-22.3.0/lib/libjimage.so
7046ed19c000-7046ed19d000 rw-p 0001d000 08:30 707802128                  /nix/store/gpxl5qgg8kicmcvivwmybwjlpf7wh20l-graalvm17-ce-22.3.0/lib/libjimage.so
7046ed19d000-7046ed19e000 rw-p 00024000 08:30 707802128                  /nix/store/gpxl5qgg8kicmcvivwmybwjlpf7wh20l-graalvm17-ce-22.3.0/lib/libjimage.so
7046ed19e000-7046ed1a2000 ---p 00000000 00:00 0 
7046ed1a2000-7046ed29e000 rw-p 00000000 00:00 0 
7046ed29e000-7046ed2ac000 r--p 00000000 08:30 600592023                  /nix/store/4nlgxhb09sdr51nc9hdm8az5b08vzkgx-glibc-2.35-163/lib/libm.so.6
7046ed2ac000-7046ed31f000 r-xp 0000e000 08:30 600592023                  /nix/store/4nlgxhb09sdr51nc9hdm8az5b08vzkgx-glibc-2.35-163/lib/libm.so.6
7046ed31f000-7046ed37c000 r--p 00081000 08:30 600592023                  /nix/store/4nlgxhb09sdr51nc9hdm8az5b08vzkgx-glibc-2.35-163/lib/libm.so.6
7046ed37c000-7046ed37d000 r--p 000dd000 08:30 600592023                  /nix/store/4nlgxhb09sdr51nc9hdm8az5b08vzkgx-glibc-2.35-163/lib/libm.so.6
7046ed37d000-7046ed37e000 rw-p 000de000 08:30 600592023                  /nix/store/4nlgxhb09sdr51nc9hdm8az5b08vzkgx-glibc-2.35-163/lib/libm.so.6
7046ed37e000-7046ed37f000 r--p 00000000 08:30 600592042                  /nix/store/4nlgxhb09sdr51nc9hdm8az5b08vzkgx-glibc-2.35-163/lib/librt.so.1
7046ed37f000-7046ed380000 r-xp 00001000 08:30 600592042                  /nix/store/4nlgxhb09sdr51nc9hdm8az5b08vzkgx-glibc-2.35-163/lib/librt.so.1
7046ed380000-7046ed381000 r--p 00002000 08:30 600592042                  /nix/store/4nlgxhb09sdr51nc9hdm8az5b08vzkgx-glibc-2.35-163/lib/librt.so.1
7046ed381000-7046ed382000 r--p 00002000 08:30 600592042                  /nix/store/4nlgxhb09sdr51nc9hdm8az5b08vzkgx-glibc-2.35-163/lib/librt.so.1
7046ed382000-7046ed383000 rw-p 00003000 08:30 600592042                  /nix/store/4nlgxhb09sdr51nc9hdm8az5b08vzkgx-glibc-2.35-163/lib/librt.so.1
7046ed383000-7046ee496000 r-xp 00000000 08:30 707972962                  /nix/store/gpxl5qgg8kicmcvivwmybwjlpf7wh20l-graalvm17-ce-22.3.0/lib/server/libjvm.so
7046ee496000-7046ee497000 ---p 01113000 08:30 707972962                  /nix/store/gpxl5qgg8kicmcvivwmybwjlpf7wh20l-graalvm17-ce-22.3.0/lib/server/libjvm.so
7046ee497000-7046ee54c000 r--p 01113000 08:30 707972962                  /nix/store/gpxl5qgg8kicmcvivwmybwjlpf7wh20l-graalvm17-ce-22.3.0/lib/server/libjvm.so
7046ee54c000-7046ee580000 rw-p 011c8000 08:30 707972962                  /nix/store/gpxl5qgg8kicmcvivwmybwjlpf7wh20l-graalvm17-ce-22.3.0/lib/server/libjvm.so
7046ee580000-7046ee5dc000 rw-p 00000000 00:00 0 
7046ee5dc000-7046ee604000 r--p 00000000 08:30 600592014                  /nix/store/4nlgxhb09sdr51nc9hdm8az5b08vzkgx-glibc-2.35-163/lib/libc.so.6
7046ee604000-7046ee77a000 r-xp 00028000 08:30 600592014                  /nix/store/4nlgxhb09sdr51nc9hdm8az5b08vzkgx-glibc-2.35-163/lib/libc.so.6
7046ee77a000-7046ee7d2000 r--p 0019e000 08:30 600592014                  /nix/store/4nlgxhb09sdr51nc9hdm8az5b08vzkgx-glibc-2.35-163/lib/libc.so.6
7046ee7d2000-7046ee7d6000 r--p 001f6000 08:30 600592014                  /nix/store/4nlgxhb09sdr51nc9hdm8az5b08vzkgx-glibc-2.35-163/lib/libc.so.6
7046ee7d6000-7046ee7d8000 rw-p 001fa000 08:30 600592014                  /nix/store/4nlgxhb09sdr51nc9hdm8az5b08vzkgx-glibc-2.35-163/lib/libc.so.6
7046ee7d8000-7046ee7e7000 rw-p 00000000 00:00 0 
7046ee7e7000-7046ee7e8000 r--p 00000000 08:30 600592019                  /nix/store/4nlgxhb09sdr51nc9hdm8az5b08vzkgx-glibc-2.35-163/lib/libdl.so.2
7046ee7e8000-7046ee7e9000 r-xp 00001000 08:30 600592019                  /nix/store/4nlgxhb09sdr51nc9hdm8az5b08vzkgx-glibc-2.35-163/lib/libdl.so.2
7046ee7e9000-7046ee7ea000 r--p 00002000 08:30 600592019                  /nix/store/4nlgxhb09sdr51nc9hdm8az5b08vzkgx-glibc-2.35-163/lib/libdl.so.2
7046ee7ea000-7046ee7eb000 r--p 00002000 08:30 600592019                  /nix/store/4nlgxhb09sdr51nc9hdm8az5b08vzkgx-glibc-2.35-163/lib/libdl.so.2
7046ee7eb000-7046ee7ec000 rw-p 00003000 08:30 600592019                  /nix/store/4nlgxhb09sdr51nc9hdm8az5b08vzkgx-glibc-2.35-163/lib/libdl.so.2
7046ee7ec000-7046ee7ed000 r--p 00000000 08:30 600592038                  /nix/store/4nlgxhb09sdr51nc9hdm8az5b08vzkgx-glibc-2.35-163/lib/libpthread.so.0
7046ee7ed000-7046ee7ee000 r-xp 00001000 08:30 600592038                  /nix/store/4nlgxhb09sdr51nc9hdm8az5b08vzkgx-glibc-2.35-163/lib/libpthread.so.0
7046ee7ee000-7046ee7ef000 r--p 00002000 08:30 600592038                  /nix/store/4nlgxhb09sdr51nc9hdm8az5b08vzkgx-glibc-2.35-163/lib/libpthread.so.0
7046ee7ef000-7046ee7f0000 r--p 00002000 08:30 600592038                  /nix/store/4nlgxhb09sdr51nc9hdm8az5b08vzkgx-glibc-2.35-163/lib/libpthread.so.0
7046ee7f0000-7046ee7f1000 rw-p 00003000 08:30 600592038                  /nix/store/4nlgxhb09sdr51nc9hdm8az5b08vzkgx-glibc-2.35-163/lib/libpthread.so.0
7046ee7f1000-7046ee7ff000 r-xp 00000000 08:30 707802129                  /nix/store/gpxl5qgg8kicmcvivwmybwjlpf7wh20l-graalvm17-ce-22.3.0/lib/libjli.so
7046ee7ff000-7046ee800000 ---p 0000e000 08:30 707802129                  /nix/store/gpxl5qgg8kicmcvivwmybwjlpf7wh20l-graalvm17-ce-22.3.0/lib/libjli.so
7046ee800000-7046ee801000 r--p 0000e000 08:30 707802129                  /nix/store/gpxl5qgg8kicmcvivwmybwjlpf7wh20l-graalvm17-ce-22.3.0/lib/libjli.so
7046ee801000-7046ee802000 rw-p 0000f000 08:30 707802129                  /nix/store/gpxl5qgg8kicmcvivwmybwjlpf7wh20l-graalvm17-ce-22.3.0/lib/libjli.so
7046ee802000-7046ee803000 rw-p 00012000 08:30 707802129                  /nix/store/gpxl5qgg8kicmcvivwmybwjlpf7wh20l-graalvm17-ce-22.3.0/lib/libjli.so
7046ee803000-7046ee806000 r--p 00000000 08:30 678822167                  /nix/store/026hln0aq1hyshaxsdvhg0kmcm6yf45r-zlib-1.2.13/lib/libz.so.1.2.13
7046ee806000-7046ee818000 r-xp 00003000 08:30 678822167                  /nix/store/026hln0aq1hyshaxsdvhg0kmcm6yf45r-zlib-1.2.13/lib/libz.so.1.2.13
7046ee818000-7046ee81f000 r--p 00015000 08:30 678822167                  /nix/store/026hln0aq1hyshaxsdvhg0kmcm6yf45r-zlib-1.2.13/lib/libz.so.1.2.13
7046ee81f000-7046ee820000 r--p 0001b000 08:30 678822167                  /nix/store/026hln0aq1hyshaxsdvhg0kmcm6yf45r-zlib-1.2.13/lib/libz.so.1.2.13
7046ee820000-7046ee821000 rw-p 0001c000 08:30 678822167                  /nix/store/026hln0aq1hyshaxsdvhg0kmcm6yf45r-zlib-1.2.13/lib/libz.so.1.2.13
7046ee821000-7046ee823000 rw-p 00000000 00:00 0 
7046ee823000-7046ee825000 r--p 00000000 08:30 600592008                  /nix/store/4nlgxhb09sdr51nc9hdm8az5b08vzkgx-glibc-2.35-163/lib/ld-linux-x86-64.so.2
7046ee825000-7046ee84c000 r-xp 00002000 08:30 600592008                  /nix/store/4nlgxhb09sdr51nc9hdm8az5b08vzkgx-glibc-2.35-163/lib/ld-linux-x86-64.so.2
7046ee84c000-7046ee858000 r--p 00029000 08:30 600592008                  /nix/store/4nlgxhb09sdr51nc9hdm8az5b08vzkgx-glibc-2.35-163/lib/ld-linux-x86-64.so.2
7046ee858000-7046ee85a000 r--p 00034000 08:30 600592008                  /nix/store/4nlgxhb09sdr51nc9hdm8az5b08vzkgx-glibc-2.35-163/lib/ld-linux-x86-64.so.2
7046ee85a000-7046ee85c000 rw-p 00036000 08:30 600592008                  /nix/store/4nlgxhb09sdr51nc9hdm8az5b08vzkgx-glibc-2.35-163/lib/ld-linux-x86-64.so.2
7ffe03654000-7ffe03679000 rw-p 00000000 00:00 0                          [stack]
7ffe037f7000-7ffe037fb000 r--p 00000000 00:00 0                          [vvar]
7ffe037fb000-7ffe037fd000 r-xp 00000000 00:00 0                          [vdso]
ffffffffff600000-ffffffffff601000 --xp 00000000 00:00 0                  [vsyscall]


VM Arguments:
jvm_args: -XX:ThreadPriorityPolicy=1 -XX:+UnlockExperimentalVMOptions -XX:+EnableJVMCIProduct -XX:JVMCIThreadsPerNativeLibraryRuntime=1 -XX:-UnlockExperimentalVMOptions -Declipse.application=org.eclipse.jdt.ls.core.id1 -Dosgi.bundles.defaultStartLevel=4 -Declipse.product=org.eclipse.jdt.ls.core.product -Dlog.level=ALL -Xverify:none -XX:+UseParallelGC -XX:GCTimeRatio=4 -XX:AdaptiveSizePolicyWeight=90 -Dsun.zip.disableMemoryMapping=true -Xmx512m -Xms100m 
java_command: /nix/store/q9712qvwdh22a4krw4jz2sjrz07mvjbl-jdt-language-server-1.9.0/share/java/plugins/org.eclipse.equinox.launcher_1.6.400.v20210924-0641.jar --add-modules=ALL-SYSTEM --add-opens java.base/java.util=ALL-UNNAMED --add-opens java.base/java.lang=ALL-UNNAMED -configuration /home/runner/WalmartReviewScraper/.cache/jdt-language-server/config -data /home/runner/.cache/jdt-language-server/data/home/runner/WalmartReviewScraper
java_class_path (initial): /nix/store/q9712qvwdh22a4krw4jz2sjrz07mvjbl-jdt-language-server-1.9.0/share/java/plugins/org.eclipse.equinox.launcher_1.6.400.v20210924-0641.jar
Launcher Type: SUN_STANDARD

[Global flags]
    uintx AdaptiveSizePolicyWeight                 = 90                                        {product} {command line}
     intx CICompilerCount                          = 2                                         {product} {ergonomic}
     bool EnableJVMCIProduct                       = true                                {JVMCI product} {jimage}
    uintx GCTimeRatio                              = 4                                         {product} {command line}
   size_t InitialHeapSize                          = 104857600                                 {product} {command line}
     uint JVMCIThreadsPerNativeLibraryRuntime      = 1                                   {JVMCI product} {jimage}
   size_t MaxHeapSize                              = 536870912                                 {product} {command line}
   size_t MaxNewSize                               = 178782208                                 {product} {ergonomic}
   size_t MinHeapDeltaBytes                        = 524288                                    {product} {ergonomic}
   size_t MinHeapSize                              = 104857600                                 {product} {command line}
   size_t NewSize                                  = 34603008                                  {product} {ergonomic}
    uintx NonNMethodCodeHeapSize                   = 5826188                                {pd product} {ergonomic}
    uintx NonProfiledCodeHeapSize                  = 122916026                              {pd product} {ergonomic}
   size_t OldSize                                  = 70254592                                  {product} {ergonomic}
    uintx ProfiledCodeHeapSize                     = 122916026                              {pd product} {ergonomic}
    uintx ReservedCodeCacheSize                    = 251658240                              {pd product} {ergonomic}
     bool SegmentedCodeCache                       = true                                      {product} {ergonomic}
   size_t SoftMaxHeapSize                          = 536870912                              {manageable} {ergonomic}
     intx ThreadPriorityPolicy                     = 1                                         {product} {jimage}
     bool UseCompressedClassPointers               = true                           {product lp64_product} {ergonomic}
     bool UseCompressedOops                        = true                           {product lp64_product} {ergonomic}
     bool UseParallelGC                            = true                                      {product} {command line}

Logging:
Log output configuration:
 #0: stdout all=warning uptime,level,tags
 #1: stderr all=off uptime,level,tags

Environment Variables:
JAVA_HOME=/nix/store/gpxl5qgg8kicmcvivwmybwjlpf7wh20l-graalvm17-ce-22.3.0
PATH=/nix/store/1d6ian3r8kdzspw8hacjhl3xkp40g1lj-binutils-wrapper-2.39/bin:/nix/store/dq0xwmsk1g0i2ayg6pb7y87na2knzylh-gcc-wrapper-11.3.0/bin:/nix/store/bap4d0lpcrhpwmpb8ayjcgkmvfj62lnq-bash-interactive-5.1-p16/bin:/nix/store/pr5n59mb4jzmfx6kanwxly0l07p861fg-patchelf-0.15.0/bin:/nix/store/1gf2flfqnpqbr1b4p4qz2f72y42bs56r-gcc-11.3.0/bin:/nix/store/57xv61c5zi8pphjbcwxxjlgc34p61ic9-glibc-2.35-163-bin/bin:/nix/store/a7gvj343m05j2s32xcnwr35v31ynlypr-coreutils-9.1/bin:/nix/store/039g378vc3pc3dvi9dzdlrd0i4q93qwf-binutils-2.39/bin:/nix/store/gpxl5qgg8kicmcvivwmybwjlpf7wh20l-graalvm17-ce-22.3.0/bin:/nix/store/6z9ag3ihc8mq2hzsw48lhbznvzny65nz-apache-maven-3.8.6/bin:/nix/store/q9712qvwdh22a4krw4jz2sjrz07mvjbl-jdt-language-server-1.9.0/bin:/nix/store/9zdrgm97n766nc0kj11x4xvvp00qlfk9-java-debug/bin:/nix/store/18y8p4mjwjy26npih04hfv48wz9czgk3-attr-2.5.1-bin/bin:/nix/store/q8s1kzhsblr2a1p2g0lh2dkcgca1im3z-libcap-2.66/bin:/nix/store/bvihhgw8bh6cqqlj0d4s8cvmm4mqmzfc-pulseaudio-16.1/bin:/nix/store/mydc6f4k2z73xlcz7ilif3v2lcaiqvza-findutils-4.9.0/bin:/nix/store/j9p3g8472iijd50vhdprx0nmk2fqn5gv-diffutils-3.8/bin:/nix/store/89zs7rms6x00xfq4dq6m7mjnhkr8a6r4-gnused-4.8/bin:/nix/store/86bp03jkmsl6f92w0yzg4s59g5mhxwmy-gnugrep-3.7/bin:/nix/store/hwcdqw4jrjnd37wxqgsd47hd0j8bnj09-gawk-5.1.1/bin:/nix/store/cfbhw8r8ags41vwqaz47r583d0p4h4a1-gnutar-1.34/bin:/nix/store/p3m1ndl1lapwrlh698bnb5lvvxh67378-gzip-1.12/bin:/nix/store/a8mhcagrsly7c7mpjrpsnaahk4aax056-bzip2-1.0.8-bin/bin:/nix/store/mblgz65m3zv9x548a3d5m96fj2pbwr09-gnumake-4.3/bin:/nix/store/dsd5gz46hdbdk2rfdimqddhq6m8m8fqs-bash-5.1-p16/bin:/nix/store/v7ljksji50mg3w61dykaa3n3y79n6nil-patch-2.7.6/bin:/nix/store/zlcnmqq14jz5x9439jf937mvayyl63da-xz-5.2.7-bin/bin:/nix/store/y6aj732zm9m87c82fpvf103a1xb22blp-file-5.43/bin:/nix/store/yq0vlv3d2f5si3ibawpq5ay2pc6knixp-nix-2.18.0pre20230808_c0e6466/bin:/nix/store/i4kzir3m7mrisxmf5xvlnkw01x4qaqr4-prybar-elisp-0.0.0-e0d9a52/bin:/nix/store/lwwivxf6h7x3cvxp9zv8sj0mv7dak99r-prybar-lua-0.0.0-e0d9a52/bin:/nix/st
LD_LIBRARY_PATH=/nix/store/a4pff549sk2idnkpzk5nsfps3mdkdnvm-cups-2.4.2-lib/lib:/nix/store/72mqxxhh3cy5yifh92wh2yb8cl2hikyy-cairo-1.16.0/lib:/nix/store/2k366jrbsra97gjfxwvrhvixjfxdach5-glib-2.74.1/lib:/nix/store/2j2znigd8ak37rlwh9khz0ry3clqlw1l-gtk+3-3.24.34/lib
DISPLAY=:0
LANG=en_US.UTF-8

Signal Handlers:
   SIGSEGV: crash_handler in libjvm.so, mask=11100100010111111101111111111110, flags=SA_RESTART|SA_SIGINFO
    SIGBUS: crash_handler in libjvm.so, mask=11100100010111111101111111111110, flags=SA_RESTART|SA_SIGINFO
    SIGFPE: crash_handler in libjvm.so, mask=11100100010111111101111111111110, flags=SA_RESTART|SA_SIGINFO
   SIGPIPE: IsolateEnterStub_IgnoreSIGPIPEStartupHook_noopSignalHandler_8f19bff2f35b5f630d83b364d6b2339320d4ec70_216e8361c6bc87a8f89f58cc10d3b2fd4415bf87 in libjvmcicompiler.so, mask=00000000000000000000000000000000, flags=SA_RESTART
  *** Handler was modified!
  *** Expected: javaSignalHandler in libjvm.so, mask=11100100110111111111111111111110, flags=SA_RESTART|SA_SIGINFO
   SIGXFSZ: javaSignalHandler in libjvm.so, mask=11100100010111111101111111111110, flags=SA_RESTART|SA_SIGINFO
    SIGILL: crash_handler in libjvm.so, mask=11100100010111111101111111111110, flags=SA_RESTART|SA_SIGINFO
   SIGUSR2: SR_handler in libjvm.so, mask=00000000000000000000000000000000, flags=SA_RESTART|SA_SIGINFO
    SIGHUP: UserHandler in libjvm.so, mask=11100100010111111101111111111110, flags=SA_RESTART|SA_SIGINFO
    SIGINT: UserHandler in libjvm.so, mask=11100100010111111101111111111110, flags=SA_RESTART|SA_SIGINFO
   SIGTERM: UserHandler in libjvm.so, mask=11100100010111111101111111111110, flags=SA_RESTART|SA_SIGINFO
   SIGQUIT: UserHandler in libjvm.so, mask=11100100010111111101111111111110, flags=SA_RESTART|SA_SIGINFO
  *** Handler was modified!
  *** Expected: javaSignalHandler in libjvm.so, mask=11100100110111111111111111111110, flags=SA_RESTART|SA_SIGINFO
   SIGTRAP: crash_handler in libjvm.so, mask=11100100010111111101111111111110, flags=SA_RESTART|SA_SIGINFO


---------------  S Y S T E M  ---------------

OS:
DISTRIB_ID=Ubuntu
DISTRIB_RELEASE=20.04
DISTRIB_CODENAME=focal
DISTRIB_DESCRIPTION="Ubuntu 20.04.2 LTS"
uname: Linux 6.5.0-1015-gcp #15~22.04.1-Ubuntu SMP Wed Feb 14 21:22:00 UTC 2024 x86_64
OS uptime: 0 days 0:39 hours
libc: glibc 2.35 NPTL 2.35 
rlimit (soft/hard): STACK 8192k/infinity , CORE infinity/infinity , NPROC infinity/infinity , NOFILE 5242/5242 , AS infinity/infinity , CPU infinity/infinity , DATA infinity/infinity , FSIZE infinity/infinity , MEMLOCK 8192k/8192k
load average: 2.05 4.54 4.25

/proc/meminfo:
MemTotal:       65835400 kB
MemFree:        50500352 kB
MemAvailable:   58457076 kB
Buffers:         1009732 kB
Cached:          7030116 kB
SwapCached:            0 kB
Active:          8172236 kB
Inactive:        5844456 kB
Active(anon):    5620408 kB
Inactive(anon):   338796 kB
Active(file):    2551828 kB
Inactive(file):  5505660 kB
Unevictable:       27756 kB
Mlocked:           27756 kB
SwapTotal:             0 kB
SwapFree:              0 kB
Zswap:                 0 kB
Zswapped:              0 kB
Dirty:              3244 kB
Writeback:           124 kB
AnonPages:       5933648 kB
Mapped:          1303668 kB
Shmem:             11960 kB
KReclaimable:     625688 kB
Slab:             880348 kB
SReclaimable:     625688 kB
SUnreclaim:       254660 kB
KernelStack:       59404 kB
PageTables:        91352 kB
SecPageTables:         0 kB
NFS_Unstable:          0 kB
Bounce:                0 kB
WritebackTmp:          0 kB
CommitLimit:    32917700 kB
Committed_AS:   21063332 kB
VmallocTotal:   34359738367 kB
VmallocUsed:       76092 kB
VmallocChunk:          0 kB
Percpu:            16672 kB
HardwareCorrupted:     0 kB
AnonHugePages:    237568 kB
ShmemHugePages:        0 kB
ShmemPmdMapped:        0 kB
FileHugePages:         0 kB
FilePmdMapped:         0 kB
Unaccepted:            0 kB
HugePages_Total:       0
HugePages_Free:        0
HugePages_Rsvd:        0
HugePages_Surp:        0
Hugepagesize:       2048 kB
Hugetlb:               0 kB
DirectMap4k:      195384 kB
DirectMap2M:     9238528 kB
DirectMap1G:    59768832 kB

/sys/kernel/mm/transparent_hugepage/enabled: always [madvise] never
/sys/kernel/mm/transparent_hugepage/defrag (defrag/compaction efforts parameter): always defer defer+madvise [madvise] never

Process Memory:
Virtual Size: 4655744K (peak: 4738880K)
Resident Set Size: 730636K (peak: 765776K) (anon: 533100K, file: 197536K, shmem: 0K)
Swapped out: 0K
C-Heap outstanding allocations: 39944K, retained: 12059K
glibc malloc tunables: (default)

/proc/sys/kernel/threads-max (system-wide limit on the number of threads): 514277
/proc/sys/vm/max_map_count (maximum number of memory map areas a process may have): 65530
/proc/sys/kernel/pid_max (system-wide limit on number of process identifiers): 4194304

container (cgroup) information:
container_type: cgroupv2
cpu_cpuset_cpus: not supported
cpu_memory_nodes: not supported
active_processor_count: 1
cpu_quota: 50000
cpu_period: 100000
cpu_shares: no shares
memory_limit_in_bytes: 1048576 k
memory_and_swap_limit_in_bytes: unlimited
memory_soft_limit_in_bytes: 524288 k
memory_usage_in_bytes: 837284 k
memory_max_usage_in_bytes: not supported
maximum number of tasks: not supported
current number of tasks: not supported

KVM virtualization detected
Steal ticks since vm start: 4610
Steal ticks percentage since vm start:  0.003

CPU: total 8 (initial active 1) (4 cores per cpu, 2 threads per core) family 6 model 79 stepping 0 microcode 0xffffffff, cx8, cmov, fxsr, ht, mmx, 3dnowpref, sse, sse2, sse3, ssse3, sse4.1, sse4.2, popcnt, lzcnt, tsc, tscinvbit, avx, avx2, aes, erms, clmul, bmi1, bmi2, rtm, adx, fma, vzeroupper, clflush, hv
CPU Model and flags from /proc/cpuinfo:
model name	: Intel(R) Xeon(R) CPU @ 2.20GHz
flags		: fpu vme de pse tsc msr pae mce cx8 apic sep mtrr pge mca cmov pat pse36 clflush mmx fxsr sse sse2 ss ht syscall nx pdpe1gb rdtscp lm constant_tsc rep_good nopl xtopology nonstop_tsc cpuid tsc_known_freq pni pclmulqdq ssse3 fma cx16 pcid sse4_1 sse4_2 x2apic movbe popcnt aes xsave avx f16c rdrand hypervisor lahf_lm abm 3dnowprefetch invpcid_single pti ssbd ibrs ibpb stibp fsgsbase tsc_adjust bmi1 hle avx2 smep bmi2 erms invpcid rtm rdseed adx smap xsaveopt arat md_clear arch_capabilities

Online cpus: 0-7
Offline cpus: 
BIOS frequency limitation: <Not Available>
Frequency switch latency (ns): <Not Available>
Available cpu frequencies: <Not Available>
Current governor: <Not Available>
Core performance/turbo boost: <Not Available>

Memory: 4k page, physical 1048576k(211284k free), swap 0k(0k free)
Page Sizes: 4k

vm_info: OpenJDK 64-Bit Server VM (17.0.5+8-jvmci-22.3-b08) for linux-amd64 JRE (17.0.5+8-jvmci-22.3-b08), built on Oct 19 2022 09:01:27 by "buildslave" with gcc 10.3.0

END.
